/usr/bin/cmake -S/home/mohzap/catkin_ws/src/mpc0 -B/home/mohzap/catkin_ws/build/mpc0 --check-build-system CMakeFiles/Makefile.cmake 0
/usr/bin/cmake -E cmake_progress_start /home/mohzap/catkin_ws/build/mpc0/CMakeFiles /home/mohzap/catkin_ws/build/mpc0/CMakeFiles/progress.marks
/usr/bin/make -f CMakeFiles/Makefile2 all
make[1]: Entering directory '/home/mohzap/catkin_ws/build/mpc0'
/usr/bin/make -f CMakeFiles/rosgraph_msgs_generate_messages_lisp.dir/build.make CMakeFiles/rosgraph_msgs_generate_messages_lisp.dir/depend
make[2]: Entering directory '/home/mohzap/catkin_ws/build/mpc0'
cd /home/mohzap/catkin_ws/build/mpc0 && /usr/bin/cmake -E cmake_depends "Unix Makefiles" /home/mohzap/catkin_ws/src/mpc0 /home/mohzap/catkin_ws/src/mpc0 /home/mohzap/catkin_ws/build/mpc0 /home/mohzap/catkin_ws/build/mpc0 /home/mohzap/catkin_ws/build/mpc0/CMakeFiles/rosgraph_msgs_generate_messages_lisp.dir/DependInfo.cmake --color=
make[2]: Leaving directory '/home/mohzap/catkin_ws/build/mpc0'
/usr/bin/make -f CMakeFiles/rosgraph_msgs_generate_messages_lisp.dir/build.make CMakeFiles/rosgraph_msgs_generate_messages_lisp.dir/build
make[2]: Entering directory '/home/mohzap/catkin_ws/build/mpc0'
make[2]: Nothing to be done for 'CMakeFiles/rosgraph_msgs_generate_messages_lisp.dir/build'.
make[2]: Leaving directory '/home/mohzap/catkin_ws/build/mpc0'
[  0%] Built target rosgraph_msgs_generate_messages_lisp
/usr/bin/make -f CMakeFiles/std_msgs_generate_messages_py.dir/build.make CMakeFiles/std_msgs_generate_messages_py.dir/depend
make[2]: Entering directory '/home/mohzap/catkin_ws/build/mpc0'
cd /home/mohzap/catkin_ws/build/mpc0 && /usr/bin/cmake -E cmake_depends "Unix Makefiles" /home/mohzap/catkin_ws/src/mpc0 /home/mohzap/catkin_ws/src/mpc0 /home/mohzap/catkin_ws/build/mpc0 /home/mohzap/catkin_ws/build/mpc0 /home/mohzap/catkin_ws/build/mpc0/CMakeFiles/std_msgs_generate_messages_py.dir/DependInfo.cmake --color=
make[2]: Leaving directory '/home/mohzap/catkin_ws/build/mpc0'
/usr/bin/make -f CMakeFiles/std_msgs_generate_messages_py.dir/build.make CMakeFiles/std_msgs_generate_messages_py.dir/build
make[2]: Entering directory '/home/mohzap/catkin_ws/build/mpc0'
make[2]: Nothing to be done for 'CMakeFiles/std_msgs_generate_messages_py.dir/build'.
make[2]: Leaving directory '/home/mohzap/catkin_ws/build/mpc0'
[  0%] Built target std_msgs_generate_messages_py
/usr/bin/make -f CMakeFiles/std_msgs_generate_messages_nodejs.dir/build.make CMakeFiles/std_msgs_generate_messages_nodejs.dir/depend
make[2]: Entering directory '/home/mohzap/catkin_ws/build/mpc0'
cd /home/mohzap/catkin_ws/build/mpc0 && /usr/bin/cmake -E cmake_depends "Unix Makefiles" /home/mohzap/catkin_ws/src/mpc0 /home/mohzap/catkin_ws/src/mpc0 /home/mohzap/catkin_ws/build/mpc0 /home/mohzap/catkin_ws/build/mpc0 /home/mohzap/catkin_ws/build/mpc0/CMakeFiles/std_msgs_generate_messages_nodejs.dir/DependInfo.cmake --color=
make[2]: Leaving directory '/home/mohzap/catkin_ws/build/mpc0'
/usr/bin/make -f CMakeFiles/std_msgs_generate_messages_nodejs.dir/build.make CMakeFiles/std_msgs_generate_messages_nodejs.dir/build
make[2]: Entering directory '/home/mohzap/catkin_ws/build/mpc0'
make[2]: Nothing to be done for 'CMakeFiles/std_msgs_generate_messages_nodejs.dir/build'.
make[2]: Leaving directory '/home/mohzap/catkin_ws/build/mpc0'
[  0%] Built target std_msgs_generate_messages_nodejs
/usr/bin/make -f CMakeFiles/std_msgs_generate_messages_cpp.dir/build.make CMakeFiles/std_msgs_generate_messages_cpp.dir/depend
make[2]: Entering directory '/home/mohzap/catkin_ws/build/mpc0'
cd /home/mohzap/catkin_ws/build/mpc0 && /usr/bin/cmake -E cmake_depends "Unix Makefiles" /home/mohzap/catkin_ws/src/mpc0 /home/mohzap/catkin_ws/src/mpc0 /home/mohzap/catkin_ws/build/mpc0 /home/mohzap/catkin_ws/build/mpc0 /home/mohzap/catkin_ws/build/mpc0/CMakeFiles/std_msgs_generate_messages_cpp.dir/DependInfo.cmake --color=
make[2]: Leaving directory '/home/mohzap/catkin_ws/build/mpc0'
/usr/bin/make -f CMakeFiles/std_msgs_generate_messages_cpp.dir/build.make CMakeFiles/std_msgs_generate_messages_cpp.dir/build
make[2]: Entering directory '/home/mohzap/catkin_ws/build/mpc0'
make[2]: Nothing to be done for 'CMakeFiles/std_msgs_generate_messages_cpp.dir/build'.
make[2]: Leaving directory '/home/mohzap/catkin_ws/build/mpc0'
[  0%] Built target std_msgs_generate_messages_cpp
/usr/bin/make -f CMakeFiles/rosgraph_msgs_generate_messages_nodejs.dir/build.make CMakeFiles/rosgraph_msgs_generate_messages_nodejs.dir/depend
make[2]: Entering directory '/home/mohzap/catkin_ws/build/mpc0'
cd /home/mohzap/catkin_ws/build/mpc0 && /usr/bin/cmake -E cmake_depends "Unix Makefiles" /home/mohzap/catkin_ws/src/mpc0 /home/mohzap/catkin_ws/src/mpc0 /home/mohzap/catkin_ws/build/mpc0 /home/mohzap/catkin_ws/build/mpc0 /home/mohzap/catkin_ws/build/mpc0/CMakeFiles/rosgraph_msgs_generate_messages_nodejs.dir/DependInfo.cmake --color=
make[2]: Leaving directory '/home/mohzap/catkin_ws/build/mpc0'
/usr/bin/make -f CMakeFiles/rosgraph_msgs_generate_messages_nodejs.dir/build.make CMakeFiles/rosgraph_msgs_generate_messages_nodejs.dir/build
make[2]: Entering directory '/home/mohzap/catkin_ws/build/mpc0'
make[2]: Nothing to be done for 'CMakeFiles/rosgraph_msgs_generate_messages_nodejs.dir/build'.
make[2]: Leaving directory '/home/mohzap/catkin_ws/build/mpc0'
[  0%] Built target rosgraph_msgs_generate_messages_nodejs
/usr/bin/make -f CMakeFiles/std_msgs_generate_messages_lisp.dir/build.make CMakeFiles/std_msgs_generate_messages_lisp.dir/depend
make[2]: Entering directory '/home/mohzap/catkin_ws/build/mpc0'
cd /home/mohzap/catkin_ws/build/mpc0 && /usr/bin/cmake -E cmake_depends "Unix Makefiles" /home/mohzap/catkin_ws/src/mpc0 /home/mohzap/catkin_ws/src/mpc0 /home/mohzap/catkin_ws/build/mpc0 /home/mohzap/catkin_ws/build/mpc0 /home/mohzap/catkin_ws/build/mpc0/CMakeFiles/std_msgs_generate_messages_lisp.dir/DependInfo.cmake --color=
make[2]: Leaving directory '/home/mohzap/catkin_ws/build/mpc0'
/usr/bin/make -f CMakeFiles/std_msgs_generate_messages_lisp.dir/build.make CMakeFiles/std_msgs_generate_messages_lisp.dir/build
make[2]: Entering directory '/home/mohzap/catkin_ws/build/mpc0'
make[2]: Nothing to be done for 'CMakeFiles/std_msgs_generate_messages_lisp.dir/build'.
make[2]: Leaving directory '/home/mohzap/catkin_ws/build/mpc0'
/usr/bin/make -f CMakeFiles/roscpp_generate_messages_py.dir/build.make CMakeFiles/roscpp_generate_messages_py.dir/depend
make[2]: Entering directory '/home/mohzap/catkin_ws/build/mpc0'
cd /home/mohzap/catkin_ws/build/mpc0 && /usr/bin/cmake -E cmake_depends "Unix Makefiles" /home/mohzap/catkin_ws/src/mpc0 /home/mohzap/catkin_ws/src/mpc0 /home/mohzap/catkin_ws/build/mpc0 /home/mohzap/catkin_ws/build/mpc0 /home/mohzap/catkin_ws/build/mpc0/CMakeFiles/roscpp_generate_messages_py.dir/DependInfo.cmake --color=
[  0%] Built target std_msgs_generate_messages_lisp
/usr/bin/make -f CMakeFiles/roscpp_generate_messages_cpp.dir/build.make CMakeFiles/roscpp_generate_messages_cpp.dir/depend
make[2]: Entering directory '/home/mohzap/catkin_ws/build/mpc0'
cd /home/mohzap/catkin_ws/build/mpc0 && /usr/bin/cmake -E cmake_depends "Unix Makefiles" /home/mohzap/catkin_ws/src/mpc0 /home/mohzap/catkin_ws/src/mpc0 /home/mohzap/catkin_ws/build/mpc0 /home/mohzap/catkin_ws/build/mpc0 /home/mohzap/catkin_ws/build/mpc0/CMakeFiles/roscpp_generate_messages_cpp.dir/DependInfo.cmake --color=
make[2]: Leaving directory '/home/mohzap/catkin_ws/build/mpc0'
/usr/bin/make -f CMakeFiles/roscpp_generate_messages_py.dir/build.make CMakeFiles/roscpp_generate_messages_py.dir/build
/usr/bin/make -f CMakeFiles/roscpp_generate_messages_eus.dir/build.make CMakeFiles/roscpp_generate_messages_eus.dir/depend
make[2]: Entering directory '/home/mohzap/catkin_ws/build/mpc0'
make[2]: Nothing to be done for 'CMakeFiles/roscpp_generate_messages_py.dir/build'.
make[2]: Leaving directory '/home/mohzap/catkin_ws/build/mpc0'
make[2]: Entering directory '/home/mohzap/catkin_ws/build/mpc0'
cd /home/mohzap/catkin_ws/build/mpc0 && /usr/bin/cmake -E cmake_depends "Unix Makefiles" /home/mohzap/catkin_ws/src/mpc0 /home/mohzap/catkin_ws/src/mpc0 /home/mohzap/catkin_ws/build/mpc0 /home/mohzap/catkin_ws/build/mpc0 /home/mohzap/catkin_ws/build/mpc0/CMakeFiles/roscpp_generate_messages_eus.dir/DependInfo.cmake --color=
make[2]: Leaving directory '/home/mohzap/catkin_ws/build/mpc0'
/usr/bin/make -f CMakeFiles/roscpp_generate_messages_cpp.dir/build.make CMakeFiles/roscpp_generate_messages_cpp.dir/build
make[2]: Entering directory '/home/mohzap/catkin_ws/build/mpc0'
make[2]: Nothing to be done for 'CMakeFiles/roscpp_generate_messages_cpp.dir/build'.
make[2]: Leaving directory '/home/mohzap/catkin_ws/build/mpc0'
[  0%] Built target roscpp_generate_messages_py
make[2]: Leaving directory '/home/mohzap/catkin_ws/build/mpc0'
/usr/bin/make -f CMakeFiles/roscpp_generate_messages_eus.dir/build.make CMakeFiles/roscpp_generate_messages_eus.dir/build
/usr/bin/make -f CMakeFiles/rosgraph_msgs_generate_messages_py.dir/build.make CMakeFiles/rosgraph_msgs_generate_messages_py.dir/depend
make[2]: Entering directory '/home/mohzap/catkin_ws/build/mpc0'
make[2]: Nothing to be done for 'CMakeFiles/roscpp_generate_messages_eus.dir/build'.
make[2]: Leaving directory '/home/mohzap/catkin_ws/build/mpc0'
make[2]: Entering directory '/home/mohzap/catkin_ws/build/mpc0'
cd /home/mohzap/catkin_ws/build/mpc0 && /usr/bin/cmake -E cmake_depends "Unix Makefiles" /home/mohzap/catkin_ws/src/mpc0 /home/mohzap/catkin_ws/src/mpc0 /home/mohzap/catkin_ws/build/mpc0 /home/mohzap/catkin_ws/build/mpc0 /home/mohzap/catkin_ws/build/mpc0/CMakeFiles/rosgraph_msgs_generate_messages_py.dir/DependInfo.cmake --color=
[  0%] Built target roscpp_generate_messages_cpp
/usr/bin/make -f CMakeFiles/roscpp_generate_messages_lisp.dir/build.make CMakeFiles/roscpp_generate_messages_lisp.dir/depend
make[2]: Entering directory '/home/mohzap/catkin_ws/build/mpc0'
cd /home/mohzap/catkin_ws/build/mpc0 && /usr/bin/cmake -E cmake_depends "Unix Makefiles" /home/mohzap/catkin_ws/src/mpc0 /home/mohzap/catkin_ws/src/mpc0 /home/mohzap/catkin_ws/build/mpc0 /home/mohzap/catkin_ws/build/mpc0 /home/mohzap/catkin_ws/build/mpc0/CMakeFiles/roscpp_generate_messages_lisp.dir/DependInfo.cmake --color=
[  0%] Built target roscpp_generate_messages_eus
/usr/bin/make -f CMakeFiles/std_msgs_generate_messages_eus.dir/build.make CMakeFiles/std_msgs_generate_messages_eus.dir/depend
make[2]: Leaving directory '/home/mohzap/catkin_ws/build/mpc0'
/usr/bin/make -f CMakeFiles/rosgraph_msgs_generate_messages_py.dir/build.make CMakeFiles/rosgraph_msgs_generate_messages_py.dir/build
make[2]: Entering directory '/home/mohzap/catkin_ws/build/mpc0'
cd /home/mohzap/catkin_ws/build/mpc0 && /usr/bin/cmake -E cmake_depends "Unix Makefiles" /home/mohzap/catkin_ws/src/mpc0 /home/mohzap/catkin_ws/src/mpc0 /home/mohzap/catkin_ws/build/mpc0 /home/mohzap/catkin_ws/build/mpc0 /home/mohzap/catkin_ws/build/mpc0/CMakeFiles/std_msgs_generate_messages_eus.dir/DependInfo.cmake --color=
make[2]: Entering directory '/home/mohzap/catkin_ws/build/mpc0'
make[2]: Nothing to be done for 'CMakeFiles/rosgraph_msgs_generate_messages_py.dir/build'.
make[2]: Leaving directory '/home/mohzap/catkin_ws/build/mpc0'
make[2]: Leaving directory '/home/mohzap/catkin_ws/build/mpc0'
/usr/bin/make -f CMakeFiles/roscpp_generate_messages_lisp.dir/build.make CMakeFiles/roscpp_generate_messages_lisp.dir/build
make[2]: Leaving directory '/home/mohzap/catkin_ws/build/mpc0'
/usr/bin/make -f CMakeFiles/std_msgs_generate_messages_eus.dir/build.make CMakeFiles/std_msgs_generate_messages_eus.dir/build
make[2]: Entering directory '/home/mohzap/catkin_ws/build/mpc0'
make[2]: Nothing to be done for 'CMakeFiles/roscpp_generate_messages_lisp.dir/build'.
make[2]: Leaving directory '/home/mohzap/catkin_ws/build/mpc0'
[  0%] Built target rosgraph_msgs_generate_messages_py
make[2]: Entering directory '/home/mohzap/catkin_ws/build/mpc0'
make[2]: Nothing to be done for 'CMakeFiles/std_msgs_generate_messages_eus.dir/build'.
make[2]: Leaving directory '/home/mohzap/catkin_ws/build/mpc0'
/usr/bin/make -f CMakeFiles/roscpp_generate_messages_nodejs.dir/build.make CMakeFiles/roscpp_generate_messages_nodejs.dir/depend
make[2]: Entering directory '/home/mohzap/catkin_ws/build/mpc0'
cd /home/mohzap/catkin_ws/build/mpc0 && /usr/bin/cmake -E cmake_depends "Unix Makefiles" /home/mohzap/catkin_ws/src/mpc0 /home/mohzap/catkin_ws/src/mpc0 /home/mohzap/catkin_ws/build/mpc0 /home/mohzap/catkin_ws/build/mpc0 /home/mohzap/catkin_ws/build/mpc0/CMakeFiles/roscpp_generate_messages_nodejs.dir/DependInfo.cmake --color=
[  0%] Built target roscpp_generate_messages_lisp
/usr/bin/make -f CMakeFiles/rosgraph_msgs_generate_messages_cpp.dir/build.make CMakeFiles/rosgraph_msgs_generate_messages_cpp.dir/depend
[  0%] Built target std_msgs_generate_messages_eus
make[2]: Entering directory '/home/mohzap/catkin_ws/build/mpc0'
cd /home/mohzap/catkin_ws/build/mpc0 && /usr/bin/cmake -E cmake_depends "Unix Makefiles" /home/mohzap/catkin_ws/src/mpc0 /home/mohzap/catkin_ws/src/mpc0 /home/mohzap/catkin_ws/build/mpc0 /home/mohzap/catkin_ws/build/mpc0 /home/mohzap/catkin_ws/build/mpc0/CMakeFiles/rosgraph_msgs_generate_messages_cpp.dir/DependInfo.cmake --color=
/usr/bin/make -f CMakeFiles/rosgraph_msgs_generate_messages_eus.dir/build.make CMakeFiles/rosgraph_msgs_generate_messages_eus.dir/depend
make[2]: Entering directory '/home/mohzap/catkin_ws/build/mpc0'
cd /home/mohzap/catkin_ws/build/mpc0 && /usr/bin/cmake -E cmake_depends "Unix Makefiles" /home/mohzap/catkin_ws/src/mpc0 /home/mohzap/catkin_ws/src/mpc0 /home/mohzap/catkin_ws/build/mpc0 /home/mohzap/catkin_ws/build/mpc0 /home/mohzap/catkin_ws/build/mpc0/CMakeFiles/rosgraph_msgs_generate_messages_eus.dir/DependInfo.cmake --color=
make[2]: Leaving directory '/home/mohzap/catkin_ws/build/mpc0'
/usr/bin/make -f CMakeFiles/roscpp_generate_messages_nodejs.dir/build.make CMakeFiles/roscpp_generate_messages_nodejs.dir/build
make[2]: Entering directory '/home/mohzap/catkin_ws/build/mpc0'
make[2]: Nothing to be done for 'CMakeFiles/roscpp_generate_messages_nodejs.dir/build'.
make[2]: Leaving directory '/home/mohzap/catkin_ws/build/mpc0'
make[2]: Leaving directory '/home/mohzap/catkin_ws/build/mpc0'
/usr/bin/make -f CMakeFiles/rosgraph_msgs_generate_messages_cpp.dir/build.make CMakeFiles/rosgraph_msgs_generate_messages_cpp.dir/build
make[2]: Leaving directory '/home/mohzap/catkin_ws/build/mpc0'
make[2]: Entering directory '/home/mohzap/catkin_ws/build/mpc0'
make[2]: Nothing to be done for 'CMakeFiles/rosgraph_msgs_generate_messages_cpp.dir/build'.
make[2]: Leaving directory '/home/mohzap/catkin_ws/build/mpc0'
/usr/bin/make -f CMakeFiles/rosgraph_msgs_generate_messages_eus.dir/build.make CMakeFiles/rosgraph_msgs_generate_messages_eus.dir/build
make[2]: Entering directory '/home/mohzap/catkin_ws/build/mpc0'
make[2]: Nothing to be done for 'CMakeFiles/rosgraph_msgs_generate_messages_eus.dir/build'.
make[2]: Leaving directory '/home/mohzap/catkin_ws/build/mpc0'
[  0%] Built target roscpp_generate_messages_nodejs
/usr/bin/make -f CMakeFiles/mpc0.dir/build.make CMakeFiles/mpc0.dir/depend
make[2]: Entering directory '/home/mohzap/catkin_ws/build/mpc0'
cd /home/mohzap/catkin_ws/build/mpc0 && /usr/bin/cmake -E cmake_depends "Unix Makefiles" /home/mohzap/catkin_ws/src/mpc0 /home/mohzap/catkin_ws/src/mpc0 /home/mohzap/catkin_ws/build/mpc0 /home/mohzap/catkin_ws/build/mpc0 /home/mohzap/catkin_ws/build/mpc0/CMakeFiles/mpc0.dir/DependInfo.cmake --color=
[  0%] Built target rosgraph_msgs_generate_messages_cpp
[  0%] Built target rosgraph_msgs_generate_messages_eus
/usr/bin/make -f CMakeFiles/MPC0.dir/build.make CMakeFiles/MPC0.dir/depend
make[2]: Entering directory '/home/mohzap/catkin_ws/build/mpc0'
cd /home/mohzap/catkin_ws/build/mpc0 && /usr/bin/cmake -E cmake_depends "Unix Makefiles" /home/mohzap/catkin_ws/src/mpc0 /home/mohzap/catkin_ws/src/mpc0 /home/mohzap/catkin_ws/build/mpc0 /home/mohzap/catkin_ws/build/mpc0 /home/mohzap/catkin_ws/build/mpc0/CMakeFiles/MPC0.dir/DependInfo.cmake --color=
make[2]: Leaving directory '/home/mohzap/catkin_ws/build/mpc0'
/usr/bin/make -f CMakeFiles/mpc0.dir/build.make CMakeFiles/mpc0.dir/build
make[2]: Entering directory '/home/mohzap/catkin_ws/build/mpc0'
make[2]: Nothing to be done for 'CMakeFiles/mpc0.dir/build'.
make[2]: Leaving directory '/home/mohzap/catkin_ws/build/mpc0'
make[2]: Leaving directory '/home/mohzap/catkin_ws/build/mpc0'
/usr/bin/make -f CMakeFiles/MPC0.dir/build.make CMakeFiles/MPC0.dir/build
[ 50%] Built target mpc0
make[2]: Entering directory '/home/mohzap/catkin_ws/build/mpc0'
make[2]: Nothing to be done for 'CMakeFiles/MPC0.dir/build'.
make[2]: Leaving directory '/home/mohzap/catkin_ws/build/mpc0'
[100%] Built target MPC0
make[1]: Leaving directory '/home/mohzap/catkin_ws/build/mpc0'
/usr/bin/cmake -E cmake_progress_start /home/mohzap/catkin_ws/build/mpc0/CMakeFiles 0
