[  0%] Built target actionlib_msgs_generate_messages_nodejs
[  0%] Built target trajectory_msgs_generate_messages_nodejs
[  0%] Built target trajectory_msgs_generate_messages_lisp
[  0%] Built target trajectory_msgs_generate_messages_cpp
[  0%] Built target actionlib_generate_messages_cpp
[  0%] Built target actionlib_generate_messages_nodejs
[  0%] Built target tf2_msgs_generate_messages_nodejs
[  0%] Built target tf2_msgs_generate_messages_lisp
[  0%] Built target std_srvs_generate_messages_nodejs
[  0%] Built target std_srvs_generate_messages_eus
[  0%] Built target tf2_msgs_generate_messages_cpp
[  0%] Built target std_srvs_generate_messages_lisp
[  0%] Built target std_msgs_generate_messages_nodejs
[  0%] Built target geometry_msgs_generate_messages_eus
[  0%] Built target rosgraph_msgs_generate_messages_lisp
[  0%] Built target actionlib_msgs_generate_messages_eus
[  0%] Built target trajectory_msgs_generate_messages_eus
[  0%] Built target nav_msgs_generate_messages_cpp
[  0%] Built target roscpp_generate_messages_py
[  0%] Built target geometry_msgs_generate_messages_cpp
[  0%] Built target geometry_msgs_generate_messages_nodejs
[  0%] Built target roscpp_generate_messages_lisp
[  0%] Built target rosgraph_msgs_generate_messages_py
[  0%] Built target actionlib_generate_messages_lisp
[  0%] Built target roscpp_generate_messages_cpp
[  0%] Built target std_msgs_generate_messages_py
[  0%] Built target std_msgs_generate_messages_cpp
[  0%] Built target diagnostic_msgs_generate_messages_eus
[  0%] Built target diagnostic_msgs_generate_messages_cpp
[  0%] Built target std_srvs_generate_messages_cpp
[  0%] Built target mavros_msgs_generate_messages_eus
[  0%] Built target std_msgs_generate_messages_lisp
[  0%] Built target actionlib_generate_messages_py
[  0%] Built target diagnostic_msgs_generate_messages_lisp
[  0%] Built target nav_msgs_generate_messages_eus
[  0%] Built target geometry_msgs_generate_messages_lisp
[  0%] Built target trajectory_msgs_generate_messages_py
[  0%] Built target actionlib_generate_messages_eus
[  0%] Built target diagnostic_msgs_generate_messages_nodejs
[  0%] Built target rosgraph_msgs_generate_messages_cpp
[  0%] Built target roscpp_generate_messages_eus
[  0%] Built target roscpp_generate_messages_nodejs
[  0%] Built target uuid_msgs_generate_messages_lisp
[  0%] Built target uuid_msgs_generate_messages_cpp
[  0%] Built target uuid_msgs_generate_messages_eus
[  0%] Built target geometry_msgs_generate_messages_py
[  0%] Built target mavros_msgs_generate_messages_py
[  0%] Built target tf2_msgs_generate_messages_eus
[  0%] Built target sensor_msgs_generate_messages_py
[  0%] Built target nav_msgs_generate_messages_py
[  0%] Built target rosgraph_msgs_generate_messages_nodejs
[  0%] Built target geographic_msgs_generate_messages_cpp
[  0%] Built target geographic_msgs_generate_messages_eus
[  0%] Built target std_srvs_generate_messages_py
[  0%] Built target rosgraph_msgs_generate_messages_eus
[  0%] Built target geographic_msgs_generate_messages_lisp
[  0%] Built target diagnostic_msgs_generate_messages_py
[  0%] Built target sensor_msgs_generate_messages_cpp
[  0%] Built target nav_msgs_generate_messages_nodejs
[  0%] Built target geographic_msgs_generate_messages_nodejs
[  0%] Built target sensor_msgs_generate_messages_eus
[  0%] Built target geographic_msgs_generate_messages_py
[  0%] Built target sensor_msgs_generate_messages_lisp
[  0%] Built target uuid_msgs_generate_messages_nodejs
[  0%] Built target uuid_msgs_generate_messages_py
[  0%] Built target tf2_msgs_generate_messages_py
[  0%] Built target actionlib_msgs_generate_messages_py
[  0%] Built target mavros_msgs_generate_messages_cpp
[  0%] Built target mavros_msgs_generate_messages_lisp
[  0%] Built target mavros_msgs_generate_messages_nodejs
[  0%] Built target nav_msgs_generate_messages_lisp
[  0%] Built target sensor_msgs_generate_messages_nodejs
[  0%] Built target actionlib_msgs_generate_messages_cpp
[  0%] Built target actionlib_msgs_generate_messages_lisp
[  0%] Built target std_msgs_generate_messages_eus
[ 23%] Built target mavros
[ 28%] Built target gcs_bridge
[ 32%] Built target mavros_node
[35m[1mScanning dependencies of target mavros_plugins[0m
[ 34%] [32mBuilding CXX object CMakeFiles/mavros_plugins.dir/src/plugins/mpc_inputs.cpp.o[0m
In file included from [01m[K/home/mohzap/catkin_ws/src/mavros/mavros/include/mavros/utils.h:22[m[K,
                 from [01m[K/home/mohzap/catkin_ws/src/mavros/mavros/include/mavros/mavros_uas.h:30[m[K,
                 from [01m[K/home/mohzap/catkin_ws/src/mavros/mavros/include/mavros/mavros_plugin.h:25[m[K,
                 from [01m[K/home/mohzap/catkin_ws/src/mavros/mavros/src/plugins/mpc_inputs.cpp:2[m[K:
[01m[K/home/mohzap/catkin_ws/src/mavros/mavros_msgs/include/mavros_msgs/mavlink_convert.h:[m[K In function ‘[01m[Kbool mavros_msgs::mavlink::convert(const Mavlink&, mavlink::mavlink_message_t&)[m[K’:
[01m[K/home/mohzap/catkin_ws/src/mavros/mavros_msgs/include/mavros_msgs/mavlink_convert.h:74:63:[m[K [01;35m[Kwarning: [m[Ktaking address of packed member of ‘[01m[Kmavlink::__mavlink_message[m[K’ may result in an unaligned pointer value [[01;35m[K-Waddress-of-packed-member[m[K]
   74 |  std::copy(rmsg.payload64.begin(), rmsg.payload64.end(), [01;35m[Kmmsg.payload64[m[K);
      |                                                          [01;35m[K~~~~~^~~~~~~~~[m[K
In file included from [01m[K/home/mohzap/catkin_ws/src/mavros/mavros/include/mavros/utils.h:22[m[K,
                 from [01m[K/home/mohzap/catkin_ws/src/mavros/mavros/include/mavros/mavros_uas.h:30[m[K,
                 from [01m[K/home/mohzap/catkin_ws/src/mavros/mavros/include/mavros/mavros_plugin.h:25[m[K,
                 from [01m[K/home/mohzap/catkin_ws/src/mavros/mavros/src/plugins/mpc_inputs.cpp:2[m[K:
[01m[K/home/mohzap/catkin_ws/src/mavros/mavros_msgs/include/mavros_msgs/mavlink_convert.h:[m[K In function ‘[01m[Kbool mavros_msgs::mavlink::convert(const mavlink_message_t&, mavros_msgs::Mavlink&, uint8_t)[m[K’:
[01m[K/home/mohzap/catkin_ws/src/mavros/mavros_msgs/include/mavros_msgs/mavlink_convert.h:108:62:[m[K [01;35m[Kwarning: [m[Ktaking address of packed member of ‘[01m[Kmavlink::__mavlink_message[m[K’ may result in an unaligned pointer value [[01;35m[K-Waddress-of-packed-member[m[K]
  108 |  rmsg.payload64 = mavros_msgs::Mavlink::_payload64_type([01;35m[Kmmsg.payload64[m[K, mmsg.payload64 + payload64_len);
      |                                                         [01;35m[K~~~~~^~~~~~~~~[m[K
[ 36%] [32m[1mLinking CXX shared library /home/mohzap/catkin_ws/devel/.private/mavros/lib/libmavros_plugins.so[0m
[100%] Built target mavros_plugins
