In file included from [01m[K/home/mohzap/catkin_ws/src/mavros/mavros/include/mavros/utils.h:22[m[K,
                 from [01m[K/home/mohzap/catkin_ws/src/mavros/mavros/include/mavros/mavros_uas.h:30[m[K,
                 from [01m[K/home/mohzap/catkin_ws/src/mavros/mavros/include/mavros/mavros_plugin.h:25[m[K,
                 from [01m[K/home/mohzap/catkin_ws/src/mavros/mavros_extras/src/plugins/mpc_inputs.cpp:2[m[K:
[01m[K/home/mohzap/catkin_ws/src/mavros/mavros_msgs/include/mavros_msgs/mavlink_convert.h:[m[K In function ‘[01m[Kbool mavros_msgs::mavlink::convert(const Mavlink&, mavlink::mavlink_message_t&)[m[K’:
[01m[K/home/mohzap/catkin_ws/src/mavros/mavros_msgs/include/mavros_msgs/mavlink_convert.h:74:63:[m[K [01;35m[Kwarning: [m[Ktaking address of packed member of ‘[01m[Kmavlink::__mavlink_message[m[K’ may result in an unaligned pointer value [[01;35m[K-Waddress-of-packed-member[m[K]
   74 |  std::copy(rmsg.payload64.begin(), rmsg.payload64.end(), [01;35m[Kmmsg.payload64[m[K);
      |                                                          [01;35m[K~~~~~^~~~~~~~~[m[K
In file included from [01m[K/home/mohzap/catkin_ws/src/mavros/mavros/include/mavros/utils.h:22[m[K,
                 from [01m[K/home/mohzap/catkin_ws/src/mavros/mavros/include/mavros/mavros_uas.h:30[m[K,
                 from [01m[K/home/mohzap/catkin_ws/src/mavros/mavros/include/mavros/mavros_plugin.h:25[m[K,
                 from [01m[K/home/mohzap/catkin_ws/src/mavros/mavros_extras/src/plugins/mpc_inputs.cpp:2[m[K:
[01m[K/home/mohzap/catkin_ws/src/mavros/mavros_msgs/include/mavros_msgs/mavlink_convert.h:[m[K In function ‘[01m[Kbool mavros_msgs::mavlink::convert(const mavlink_message_t&, mavros_msgs::Mavlink&, uint8_t)[m[K’:
[01m[K/home/mohzap/catkin_ws/src/mavros/mavros_msgs/include/mavros_msgs/mavlink_convert.h:108:62:[m[K [01;35m[Kwarning: [m[Ktaking address of packed member of ‘[01m[Kmavlink::__mavlink_message[m[K’ may result in an unaligned pointer value [[01;35m[K-Waddress-of-packed-member[m[K]
  108 |  rmsg.payload64 = mavros_msgs::Mavlink::_payload64_type([01;35m[Kmmsg.payload64[m[K, mmsg.payload64 + payload64_len);
      |                                                         [01;35m[K~~~~~^~~~~~~~~[m[K
[01m[K/home/mohzap/catkin_ws/src/mavros/mavros_extras/src/plugins/mpc_inputs.cpp:[m[K In member function ‘[01m[Kvoid mavros::extra_plugins::MPCInputsPlugin::handle_mpc_inputs(const mavlink_message_t*, mavlink::common::msg::MPC_INPUTS&)[m[K’:
[01m[K/home/mohzap/catkin_ws/src/mavros/mavros_extras/src/plugins/mpc_inputs.cpp:49:36:[m[K [01;31m[Kerror: [m[Kno match for ‘[01m[Koperator=[m[K’ (operand types are ‘[01m[Kmavros_msgs::MPC_Inputs_<std::allocator<void> >::_mpc_ref_in_type[m[K’ {aka ‘[01m[Kboost::array<float, 38>[m[K’} and ‘[01m[Kstd::array<float, 38>[m[K’)
   49 |   ros_msg->mpc_ref_in = mpc_inputs.[01;31m[Kmpc_ref_in[m[K;
      |                                    [01;31m[K^~~~~~~~~~[m[K
In file included from [01m[K/opt/ros/noetic/include/ros/message.h:38[m[K,
                 from [01m[K/opt/ros/noetic/include/ros/publisher.h:33[m[K,
                 from [01m[K/opt/ros/noetic/include/ros/node_handle.h:32[m[K,
                 from [01m[K/opt/ros/noetic/include/diagnostic_updater/diagnostic_updater.h:42[m[K,
                 from [01m[K/home/mohzap/catkin_ws/src/mavros/mavros/include/mavros/mavros_plugin.h:23[m[K,
                 from [01m[K/home/mohzap/catkin_ws/src/mavros/mavros_extras/src/plugins/mpc_inputs.cpp:2[m[K:
[01m[K/usr/include/boost/array.hpp:172:21:[m[K [01;36m[Knote: [m[Kcandidate: ‘[01m[Ktemplate<class T2> boost::array<T, N>& boost::array<T, N>::operator=(const boost::array<T2, N>&) [with T2 = T2; T = float; long unsigned int N = 38][m[K’
  172 |         array<T,N>& [01;36m[Koperator[m[K= (const array<T2,N>& rhs) {
      |                     [01;36m[K^~~~~~~~[m[K
[01m[K/usr/include/boost/array.hpp:172:21:[m[K [01;36m[Knote: [m[K  template argument deduction/substitution failed:
[01m[K/home/mohzap/catkin_ws/src/mavros/mavros_extras/src/plugins/mpc_inputs.cpp:49:36:[m[K [01;36m[Knote: [m[K  ‘[01m[Kstd::array<float, 38>[m[K’ is not derived from ‘[01m[Kconst boost::array<T2, 38>[m[K’
   49 |   ros_msg->mpc_ref_in = mpc_inputs.[01;36m[Kmpc_ref_in[m[K;
      |                                    [01;36m[K^~~~~~~~~~[m[K
In file included from [01m[K/opt/ros/noetic/include/ros/message.h:38[m[K,
                 from [01m[K/opt/ros/noetic/include/ros/publisher.h:33[m[K,
                 from [01m[K/opt/ros/noetic/include/ros/node_handle.h:32[m[K,
                 from [01m[K/opt/ros/noetic/include/diagnostic_updater/diagnostic_updater.h:42[m[K,
                 from [01m[K/home/mohzap/catkin_ws/src/mavros/mavros/include/mavros/mavros_plugin.h:23[m[K,
                 from [01m[K/home/mohzap/catkin_ws/src/mavros/mavros_extras/src/plugins/mpc_inputs.cpp:2[m[K:
[01m[K/usr/include/boost/array.hpp:61:11:[m[K [01;36m[Knote: [m[Kcandidate: ‘[01m[Kconstexpr boost::array<float, 38>& boost::array<float, 38>::operator=(const boost::array<float, 38>&)[m[K’
   61 |     class [01;36m[Karray[m[K {
      |           [01;36m[K^~~~~[m[K
[01m[K/usr/include/boost/array.hpp:61:11:[m[K [01;36m[Knote: [m[K  no known conversion for argument 1 from ‘[01m[Kstd::array<float, 38>[m[K’ to ‘[01m[Kconst boost::array<float, 38>&[m[K’
[01m[K/usr/include/boost/array.hpp:61:11:[m[K [01;36m[Knote: [m[Kcandidate: ‘[01m[Kconstexpr boost::array<float, 38>& boost::array<float, 38>::operator=(boost::array<float, 38>&&)[m[K’
[01m[K/usr/include/boost/array.hpp:61:11:[m[K [01;36m[Knote: [m[K  no known conversion for argument 1 from ‘[01m[Kstd::array<float, 38>[m[K’ to ‘[01m[Kboost::array<float, 38>&&[m[K’
[01m[K/home/mohzap/catkin_ws/src/mavros/mavros_extras/src/plugins/mpc_inputs.cpp:50:35:[m[K [01;31m[Kerror: [m[Kno match for ‘[01m[Koperator=[m[K’ (operand types are ‘[01m[Kmavros_msgs::MPC_Inputs_<std::allocator<void> >::_mpc_mo_in_type[m[K’ {aka ‘[01m[Kboost::array<float, 2>[m[K’} and ‘[01m[Kstd::array<float, 2>[m[K’)
   50 |   ros_msg->mpc_mo_in = mpc_inputs.[01;31m[Kmpc_mo_in[m[K;
      |                                   [01;31m[K^~~~~~~~~[m[K
In file included from [01m[K/opt/ros/noetic/include/ros/message.h:38[m[K,
                 from [01m[K/opt/ros/noetic/include/ros/publisher.h:33[m[K,
                 from [01m[K/opt/ros/noetic/include/ros/node_handle.h:32[m[K,
                 from [01m[K/opt/ros/noetic/include/diagnostic_updater/diagnostic_updater.h:42[m[K,
                 from [01m[K/home/mohzap/catkin_ws/src/mavros/mavros/include/mavros/mavros_plugin.h:23[m[K,
                 from [01m[K/home/mohzap/catkin_ws/src/mavros/mavros_extras/src/plugins/mpc_inputs.cpp:2[m[K:
[01m[K/usr/include/boost/array.hpp:172:21:[m[K [01;36m[Knote: [m[Kcandidate: ‘[01m[Ktemplate<class T2> boost::array<T, N>& boost::array<T, N>::operator=(const boost::array<T2, N>&) [with T2 = T2; T = float; long unsigned int N = 2][m[K’
  172 |         array<T,N>& [01;36m[Koperator[m[K= (const array<T2,N>& rhs) {
      |                     [01;36m[K^~~~~~~~[m[K
[01m[K/usr/include/boost/array.hpp:172:21:[m[K [01;36m[Knote: [m[K  template argument deduction/substitution failed:
[01m[K/home/mohzap/catkin_ws/src/mavros/mavros_extras/src/plugins/mpc_inputs.cpp:50:35:[m[K [01;36m[Knote: [m[K  ‘[01m[Kstd::array<float, 2>[m[K’ is not derived from ‘[01m[Kconst boost::array<T2, 2>[m[K’
   50 |   ros_msg->mpc_mo_in = mpc_inputs.[01;36m[Kmpc_mo_in[m[K;
      |                                   [01;36m[K^~~~~~~~~[m[K
In file included from [01m[K/opt/ros/noetic/include/ros/message.h:38[m[K,
                 from [01m[K/opt/ros/noetic/include/ros/publisher.h:33[m[K,
                 from [01m[K/opt/ros/noetic/include/ros/node_handle.h:32[m[K,
                 from [01m[K/opt/ros/noetic/include/diagnostic_updater/diagnostic_updater.h:42[m[K,
                 from [01m[K/home/mohzap/catkin_ws/src/mavros/mavros/include/mavros/mavros_plugin.h:23[m[K,
                 from [01m[K/home/mohzap/catkin_ws/src/mavros/mavros_extras/src/plugins/mpc_inputs.cpp:2[m[K:
[01m[K/usr/include/boost/array.hpp:61:11:[m[K [01;36m[Knote: [m[Kcandidate: ‘[01m[Kconstexpr boost::array<float, 2>& boost::array<float, 2>::operator=(const boost::array<float, 2>&)[m[K’
   61 |     class [01;36m[Karray[m[K {
      |           [01;36m[K^~~~~[m[K
[01m[K/usr/include/boost/array.hpp:61:11:[m[K [01;36m[Knote: [m[K  no known conversion for argument 1 from ‘[01m[Kstd::array<float, 2>[m[K’ to ‘[01m[Kconst boost::array<float, 2>&[m[K’
[01m[K/usr/include/boost/array.hpp:61:11:[m[K [01;36m[Knote: [m[Kcandidate: ‘[01m[Kconstexpr boost::array<float, 2>& boost::array<float, 2>::operator=(boost::array<float, 2>&&)[m[K’
[01m[K/usr/include/boost/array.hpp:61:11:[m[K [01;36m[Knote: [m[K  no known conversion for argument 1 from ‘[01m[Kstd::array<float, 2>[m[K’ to ‘[01m[Kboost::array<float, 2>&&[m[K’
[01m[K/home/mohzap/catkin_ws/src/mavros/mavros_extras/src/plugins/mpc_inputs.cpp:52:62:[m[K [01;31m[Kerror: [m[Kno match for ‘[01m[Koperator+[m[K’ (operand types are ‘[01m[Kstd::array<float, 38>[m[K’ and ‘[01m[Kint[m[K’)
   52 |         std::copy(mpc_inputs.mpc_ref_in,[32m[Kmpc_inputs.mpc_ref_in[m[K[01;31m[K+[m[K[34m[K38[m[K,ros_msg->mpc_ref_in);
      |                                         [32m[K~~~~~~~~~~~~~~~~~~~~~[m[K[01;31m[K^[m[K[34m[K~~[m[K
      |                                                    [32m[K|[m[K          [34m[K|[m[K
      |                                                    [32m[K|[m[K          [34m[Kint[m[K
      |                                                    [32m[Kstd::array<float, 38>[m[K
In file included from [01m[K/usr/include/c++/9/bits/stl_algobase.h:67[m[K,
                 from [01m[K/usr/include/c++/9/bits/char_traits.h:39[m[K,
                 from [01m[K/usr/include/c++/9/string:40[m[K,
                 from [01m[K/usr/include/c++/9/stdexcept:39[m[K,
                 from [01m[K/usr/include/c++/9/array:39[m[K,
                 from [01m[K/usr/include/c++/9/tuple:39[m[K,
                 from [01m[K/home/mohzap/catkin_ws/src/mavros/mavros/include/mavros/mavros_plugin.h:20[m[K,
                 from [01m[K/home/mohzap/catkin_ws/src/mavros/mavros_extras/src/plugins/mpc_inputs.cpp:2[m[K:
[01m[K/usr/include/c++/9/bits/stl_iterator.h:423:5:[m[K [01;36m[Knote: [m[Kcandidate: ‘[01m[Ktemplate<class _Iterator> std::reverse_iterator<_Iterator> std::operator+(typename std::reverse_iterator<_Iterator>::difference_type, const std::reverse_iterator<_Iterator>&)[m[K’
  423 |     [01;36m[Koperator[m[K+(typename reverse_iterator<_Iterator>::difference_type __n,
      |     [01;36m[K^~~~~~~~[m[K
[01m[K/usr/include/c++/9/bits/stl_iterator.h:423:5:[m[K [01;36m[Knote: [m[K  template argument deduction/substitution failed:
[01m[K/home/mohzap/catkin_ws/src/mavros/mavros_extras/src/plugins/mpc_inputs.cpp:52:63:[m[K [01;36m[Knote: [m[K  mismatched types ‘[01m[Kconst std::reverse_iterator<_Iterator>[m[K’ and ‘[01m[Kint[m[K’
   52 |         std::copy(mpc_inputs.mpc_ref_in,mpc_inputs.mpc_ref_in+[01;36m[K38[m[K,ros_msg->mpc_ref_in);
      |                                                               [01;36m[K^~[m[K
In file included from [01m[K/usr/include/c++/9/bits/stl_algobase.h:67[m[K,
                 from [01m[K/usr/include/c++/9/bits/char_traits.h:39[m[K,
                 from [01m[K/usr/include/c++/9/string:40[m[K,
                 from [01m[K/usr/include/c++/9/stdexcept:39[m[K,
                 from [01m[K/usr/include/c++/9/array:39[m[K,
                 from [01m[K/usr/include/c++/9/tuple:39[m[K,
                 from [01m[K/home/mohzap/catkin_ws/src/mavros/mavros/include/mavros/mavros_plugin.h:20[m[K,
                 from [01m[K/home/mohzap/catkin_ws/src/mavros/mavros_extras/src/plugins/mpc_inputs.cpp:2[m[K:
[01m[K/usr/include/c++/9/bits/stl_iterator.h:1219:5:[m[K [01;36m[Knote: [m[Kcandidate: ‘[01m[Ktemplate<class _Iterator> std::move_iterator<_IteratorL> std::operator+(typename std::move_iterator<_IteratorL>::difference_type, const std::move_iterator<_IteratorL>&)[m[K’
 1219 |     [01;36m[Koperator[m[K+(typename move_iterator<_Iterator>::difference_type __n,
      |     [01;36m[K^~~~~~~~[m[K
[01m[K/usr/include/c++/9/bits/stl_iterator.h:1219:5:[m[K [01;36m[Knote: [m[K  template argument deduction/substitution failed:
[01m[K/home/mohzap/catkin_ws/src/mavros/mavros_extras/src/plugins/mpc_inputs.cpp:52:63:[m[K [01;36m[Knote: [m[K  mismatched types ‘[01m[Kconst std::move_iterator<_IteratorL>[m[K’ and ‘[01m[Kint[m[K’
   52 |         std::copy(mpc_inputs.mpc_ref_in,mpc_inputs.mpc_ref_in+[01;36m[K38[m[K,ros_msg->mpc_ref_in);
      |                                                               [01;36m[K^~[m[K
In file included from [01m[K/usr/include/c++/9/string:55[m[K,
                 from [01m[K/usr/include/c++/9/stdexcept:39[m[K,
                 from [01m[K/usr/include/c++/9/array:39[m[K,
                 from [01m[K/usr/include/c++/9/tuple:39[m[K,
                 from [01m[K/home/mohzap/catkin_ws/src/mavros/mavros/include/mavros/mavros_plugin.h:20[m[K,
                 from [01m[K/home/mohzap/catkin_ws/src/mavros/mavros_extras/src/plugins/mpc_inputs.cpp:2[m[K:
[01m[K/usr/include/c++/9/bits/basic_string.h:6020:5:[m[K [01;36m[Knote: [m[Kcandidate: ‘[01m[Ktemplate<class _CharT, class _Traits, class _Alloc> std::__cxx11::basic_string<_CharT, _Traits, _Alloc> std::operator+(const std::__cxx11::basic_string<_CharT, _Traits, _Alloc>&, const std::__cxx11::basic_string<_CharT, _Traits, _Alloc>&)[m[K’
 6020 |     [01;36m[Koperator[m[K+(const basic_string<_CharT, _Traits, _Alloc>& __lhs,
      |     [01;36m[K^~~~~~~~[m[K
[01m[K/usr/include/c++/9/bits/basic_string.h:6020:5:[m[K [01;36m[Knote: [m[K  template argument deduction/substitution failed:
[01m[K/home/mohzap/catkin_ws/src/mavros/mavros_extras/src/plugins/mpc_inputs.cpp:52:63:[m[K [01;36m[Knote: [m[K  ‘[01m[Kstd::array<float, 38>[m[K’ is not derived from ‘[01m[Kconst std::__cxx11::basic_string<_CharT, _Traits, _Alloc>[m[K’
   52 |         std::copy(mpc_inputs.mpc_ref_in,mpc_inputs.mpc_ref_in+[01;36m[K38[m[K,ros_msg->mpc_ref_in);
      |                                                               [01;36m[K^~[m[K
In file included from [01m[K/usr/include/c++/9/string:56[m[K,
                 from [01m[K/usr/include/c++/9/stdexcept:39[m[K,
                 from [01m[K/usr/include/c++/9/array:39[m[K,
                 from [01m[K/usr/include/c++/9/tuple:39[m[K,
                 from [01m[K/home/mohzap/catkin_ws/src/mavros/mavros/include/mavros/mavros_plugin.h:20[m[K,
                 from [01m[K/home/mohzap/catkin_ws/src/mavros/mavros_extras/src/plugins/mpc_inputs.cpp:2[m[K:
[01m[K/usr/include/c++/9/bits/basic_string.tcc:1158:5:[m[K [01;36m[Knote: [m[Kcandidate: ‘[01m[Ktemplate<class _CharT, class _Traits, class _Alloc> std::__cxx11::basic_string<_CharT, _Traits, _Alloc> std::operator+(const _CharT*, const std::__cxx11::basic_string<_CharT, _Traits, _Alloc>&)[m[K’
 1158 |     [01;36m[Koperator[m[K+(const _CharT* __lhs,
      |     [01;36m[K^~~~~~~~[m[K
[01m[K/usr/include/c++/9/bits/basic_string.tcc:1158:5:[m[K [01;36m[Knote: [m[K  template argument deduction/substitution failed:
[01m[K/home/mohzap/catkin_ws/src/mavros/mavros_extras/src/plugins/mpc_inputs.cpp:52:63:[m[K [01;36m[Knote: [m[K  mismatched types ‘[01m[Kconst _CharT*[m[K’ and ‘[01m[Kstd::array<float, 38>[m[K’
   52 |         std::copy(mpc_inputs.mpc_ref_in,mpc_inputs.mpc_ref_in+[01;36m[K38[m[K,ros_msg->mpc_ref_in);
      |                                                               [01;36m[K^~[m[K
In file included from [01m[K/usr/include/c++/9/string:56[m[K,
                 from [01m[K/usr/include/c++/9/stdexcept:39[m[K,
                 from [01m[K/usr/include/c++/9/array:39[m[K,
                 from [01m[K/usr/include/c++/9/tuple:39[m[K,
                 from [01m[K/home/mohzap/catkin_ws/src/mavros/mavros/include/mavros/mavros_plugin.h:20[m[K,
                 from [01m[K/home/mohzap/catkin_ws/src/mavros/mavros_extras/src/plugins/mpc_inputs.cpp:2[m[K:
[01m[K/usr/include/c++/9/bits/basic_string.tcc:1174:5:[m[K [01;36m[Knote: [m[Kcandidate: ‘[01m[Ktemplate<class _CharT, class _Traits, class _Alloc> std::__cxx11::basic_string<_CharT, _Traits, _Alloc> std::operator+(_CharT, const std::__cxx11::basic_string<_CharT, _Traits, _Alloc>&)[m[K’
 1174 |     [01;36m[Koperator[m[K+(_CharT __lhs, const basic_string<_CharT, _Traits, _Alloc>& __rhs)
      |     [01;36m[K^~~~~~~~[m[K
[01m[K/usr/include/c++/9/bits/basic_string.tcc:1174:5:[m[K [01;36m[Knote: [m[K  template argument deduction/substitution failed:
[01m[K/home/mohzap/catkin_ws/src/mavros/mavros_extras/src/plugins/mpc_inputs.cpp:52:63:[m[K [01;36m[Knote: [m[K  mismatched types ‘[01m[Kconst std::__cxx11::basic_string<_CharT, _Traits, _Alloc>[m[K’ and ‘[01m[Kint[m[K’
   52 |         std::copy(mpc_inputs.mpc_ref_in,mpc_inputs.mpc_ref_in+[01;36m[K38[m[K,ros_msg->mpc_ref_in);
      |                                                               [01;36m[K^~[m[K
In file included from [01m[K/usr/include/c++/9/string:55[m[K,
                 from [01m[K/usr/include/c++/9/stdexcept:39[m[K,
                 from [01m[K/usr/include/c++/9/array:39[m[K,
                 from [01m[K/usr/include/c++/9/tuple:39[m[K,
                 from [01m[K/home/mohzap/catkin_ws/src/mavros/mavros/include/mavros/mavros_plugin.h:20[m[K,
                 from [01m[K/home/mohzap/catkin_ws/src/mavros/mavros_extras/src/plugins/mpc_inputs.cpp:2[m[K:
[01m[K/usr/include/c++/9/bits/basic_string.h:6057:5:[m[K [01;36m[Knote: [m[Kcandidate: ‘[01m[Ktemplate<class _CharT, class _Traits, class _Alloc> std::__cxx11::basic_string<_CharT, _Traits, _Alloc> std::operator+(const std::__cxx11::basic_string<_CharT, _Traits, _Alloc>&, const _CharT*)[m[K’
 6057 |     [01;36m[Koperator[m[K+(const basic_string<_CharT, _Traits, _Alloc>& __lhs,
      |     [01;36m[K^~~~~~~~[m[K
[01m[K/usr/include/c++/9/bits/basic_string.h:6057:5:[m[K [01;36m[Knote: [m[K  template argument deduction/substitution failed:
[01m[K/home/mohzap/catkin_ws/src/mavros/mavros_extras/src/plugins/mpc_inputs.cpp:52:63:[m[K [01;36m[Knote: [m[K  ‘[01m[Kstd::array<float, 38>[m[K’ is not derived from ‘[01m[Kconst std::__cxx11::basic_string<_CharT, _Traits, _Alloc>[m[K’
   52 |         std::copy(mpc_inputs.mpc_ref_in,mpc_inputs.mpc_ref_in+[01;36m[K38[m[K,ros_msg->mpc_ref_in);
      |                                                               [01;36m[K^~[m[K
In file included from [01m[K/usr/include/c++/9/string:55[m[K,
                 from [01m[K/usr/include/c++/9/stdexcept:39[m[K,
                 from [01m[K/usr/include/c++/9/array:39[m[K,
                 from [01m[K/usr/include/c++/9/tuple:39[m[K,
                 from [01m[K/home/mohzap/catkin_ws/src/mavros/mavros/include/mavros/mavros_plugin.h:20[m[K,
                 from [01m[K/home/mohzap/catkin_ws/src/mavros/mavros_extras/src/plugins/mpc_inputs.cpp:2[m[K:
[01m[K/usr/include/c++/9/bits/basic_string.h:6073:5:[m[K [01;36m[Knote: [m[Kcandidate: ‘[01m[Ktemplate<class _CharT, class _Traits, class _Alloc> std::__cxx11::basic_string<_CharT, _Traits, _Alloc> std::operator+(const std::__cxx11::basic_string<_CharT, _Traits, _Alloc>&, _CharT)[m[K’
 6073 |     [01;36m[Koperator[m[K+(const basic_string<_CharT, _Traits, _Alloc>& __lhs, _CharT __rhs)
      |     [01;36m[K^~~~~~~~[m[K
[01m[K/usr/include/c++/9/bits/basic_string.h:6073:5:[m[K [01;36m[Knote: [m[K  template argument deduction/substitution failed:
[01m[K/home/mohzap/catkin_ws/src/mavros/mavros_extras/src/plugins/mpc_inputs.cpp:52:63:[m[K [01;36m[Knote: [m[K  ‘[01m[Kstd::array<float, 38>[m[K’ is not derived from ‘[01m[Kconst std::__cxx11::basic_string<_CharT, _Traits, _Alloc>[m[K’
   52 |         std::copy(mpc_inputs.mpc_ref_in,mpc_inputs.mpc_ref_in+[01;36m[K38[m[K,ros_msg->mpc_ref_in);
      |                                                               [01;36m[K^~[m[K
In file included from [01m[K/usr/include/c++/9/string:55[m[K,
                 from [01m[K/usr/include/c++/9/stdexcept:39[m[K,
                 from [01m[K/usr/include/c++/9/array:39[m[K,
                 from [01m[K/usr/include/c++/9/tuple:39[m[K,
                 from [01m[K/home/mohzap/catkin_ws/src/mavros/mavros/include/mavros/mavros_plugin.h:20[m[K,
                 from [01m[K/home/mohzap/catkin_ws/src/mavros/mavros_extras/src/plugins/mpc_inputs.cpp:2[m[K:
[01m[K/usr/include/c++/9/bits/basic_string.h:6085:5:[m[K [01;36m[Knote: [m[Kcandidate: ‘[01m[Ktemplate<class _CharT, class _Traits, class _Alloc> std::__cxx11::basic_string<_CharT, _Traits, _Alloc> std::operator+(std::__cxx11::basic_string<_CharT, _Traits, _Alloc>&&, const std::__cxx11::basic_string<_CharT, _Traits, _Alloc>&)[m[K’
 6085 |     [01;36m[Koperator[m[K+(basic_string<_CharT, _Traits, _Alloc>&& __lhs,
      |     [01;36m[K^~~~~~~~[m[K
[01m[K/usr/include/c++/9/bits/basic_string.h:6085:5:[m[K [01;36m[Knote: [m[K  template argument deduction/substitution failed:
[01m[K/home/mohzap/catkin_ws/src/mavros/mavros_extras/src/plugins/mpc_inputs.cpp:52:63:[m[K [01;36m[Knote: [m[K  ‘[01m[Kstd::array<float, 38>[m[K’ is not derived from ‘[01m[Kstd::__cxx11::basic_string<_CharT, _Traits, _Alloc>[m[K’
   52 |         std::copy(mpc_inputs.mpc_ref_in,mpc_inputs.mpc_ref_in+[01;36m[K38[m[K,ros_msg->mpc_ref_in);
      |                                                               [01;36m[K^~[m[K
In file included from [01m[K/usr/include/c++/9/string:55[m[K,
                 from [01m[K/usr/include/c++/9/stdexcept:39[m[K,
                 from [01m[K/usr/include/c++/9/array:39[m[K,
                 from [01m[K/usr/include/c++/9/tuple:39[m[K,
                 from [01m[K/home/mohzap/catkin_ws/src/mavros/mavros/include/mavros/mavros_plugin.h:20[m[K,
                 from [01m[K/home/mohzap/catkin_ws/src/mavros/mavros_extras/src/plugins/mpc_inputs.cpp:2[m[K:
[01m[K/usr/include/c++/9/bits/basic_string.h:6091:5:[m[K [01;36m[Knote: [m[Kcandidate: ‘[01m[Ktemplate<class _CharT, class _Traits, class _Alloc> std::__cxx11::basic_string<_CharT, _Traits, _Alloc> std::operator+(const std::__cxx11::basic_string<_CharT, _Traits, _Alloc>&, std::__cxx11::basic_string<_CharT, _Traits, _Alloc>&&)[m[K’
 6091 |     [01;36m[Koperator[m[K+(const basic_string<_CharT, _Traits, _Alloc>& __lhs,
      |     [01;36m[K^~~~~~~~[m[K
[01m[K/usr/include/c++/9/bits/basic_string.h:6091:5:[m[K [01;36m[Knote: [m[K  template argument deduction/substitution failed:
[01m[K/home/mohzap/catkin_ws/src/mavros/mavros_extras/src/plugins/mpc_inputs.cpp:52:63:[m[K [01;36m[Knote: [m[K  ‘[01m[Kstd::array<float, 38>[m[K’ is not derived from ‘[01m[Kconst std::__cxx11::basic_string<_CharT, _Traits, _Alloc>[m[K’
   52 |         std::copy(mpc_inputs.mpc_ref_in,mpc_inputs.mpc_ref_in+[01;36m[K38[m[K,ros_msg->mpc_ref_in);
      |                                                               [01;36m[K^~[m[K
In file included from [01m[K/usr/include/c++/9/string:55[m[K,
                 from [01m[K/usr/include/c++/9/stdexcept:39[m[K,
                 from [01m[K/usr/include/c++/9/array:39[m[K,
                 from [01m[K/usr/include/c++/9/tuple:39[m[K,
                 from [01m[K/home/mohzap/catkin_ws/src/mavros/mavros/include/mavros/mavros_plugin.h:20[m[K,
                 from [01m[K/home/mohzap/catkin_ws/src/mavros/mavros_extras/src/plugins/mpc_inputs.cpp:2[m[K:
[01m[K/usr/include/c++/9/bits/basic_string.h:6097:5:[m[K [01;36m[Knote: [m[Kcandidate: ‘[01m[Ktemplate<class _CharT, class _Traits, class _Alloc> std::__cxx11::basic_string<_CharT, _Traits, _Alloc> std::operator+(std::__cxx11::basic_string<_CharT, _Traits, _Alloc>&&, std::__cxx11::basic_string<_CharT, _Traits, _Alloc>&&)[m[K’
 6097 |     [01;36m[Koperator[m[K+(basic_string<_CharT, _Traits, _Alloc>&& __lhs,
      |     [01;36m[K^~~~~~~~[m[K
[01m[K/usr/include/c++/9/bits/basic_string.h:6097:5:[m[K [01;36m[Knote: [m[K  template argument deduction/substitution failed:
[01m[K/home/mohzap/catkin_ws/src/mavros/mavros_extras/src/plugins/mpc_inputs.cpp:52:63:[m[K [01;36m[Knote: [m[K  ‘[01m[Kstd::array<float, 38>[m[K’ is not derived from ‘[01m[Kstd::__cxx11::basic_string<_CharT, _Traits, _Alloc>[m[K’
   52 |         std::copy(mpc_inputs.mpc_ref_in,mpc_inputs.mpc_ref_in+[01;36m[K38[m[K,ros_msg->mpc_ref_in);
      |                                                               [01;36m[K^~[m[K
In file included from [01m[K/usr/include/c++/9/string:55[m[K,
                 from [01m[K/usr/include/c++/9/stdexcept:39[m[K,
                 from [01m[K/usr/include/c++/9/array:39[m[K,
                 from [01m[K/usr/include/c++/9/tuple:39[m[K,
                 from [01m[K/home/mohzap/catkin_ws/src/mavros/mavros/include/mavros/mavros_plugin.h:20[m[K,
                 from [01m[K/home/mohzap/catkin_ws/src/mavros/mavros_extras/src/plugins/mpc_inputs.cpp:2[m[K:
[01m[K/usr/include/c++/9/bits/basic_string.h:6109:5:[m[K [01;36m[Knote: [m[Kcandidate: ‘[01m[Ktemplate<class _CharT, class _Traits, class _Alloc> std::__cxx11::basic_string<_CharT, _Traits, _Alloc> std::operator+(const _CharT*, std::__cxx11::basic_string<_CharT, _Traits, _Alloc>&&)[m[K’
 6109 |     [01;36m[Koperator[m[K+(const _CharT* __lhs,
      |     [01;36m[K^~~~~~~~[m[K
[01m[K/usr/include/c++/9/bits/basic_string.h:6109:5:[m[K [01;36m[Knote: [m[K  template argument deduction/substitution failed:
[01m[K/home/mohzap/catkin_ws/src/mavros/mavros_extras/src/plugins/mpc_inputs.cpp:52:63:[m[K [01;36m[Knote: [m[K  mismatched types ‘[01m[Kconst _CharT*[m[K’ and ‘[01m[Kstd::array<float, 38>[m[K’
   52 |         std::copy(mpc_inputs.mpc_ref_in,mpc_inputs.mpc_ref_in+[01;36m[K38[m[K,ros_msg->mpc_ref_in);
      |                                                               [01;36m[K^~[m[K
In file included from [01m[K/usr/include/c++/9/string:55[m[K,
                 from [01m[K/usr/include/c++/9/stdexcept:39[m[K,
                 from [01m[K/usr/include/c++/9/array:39[m[K,
                 from [01m[K/usr/include/c++/9/tuple:39[m[K,
                 from [01m[K/home/mohzap/catkin_ws/src/mavros/mavros/include/mavros/mavros_plugin.h:20[m[K,
                 from [01m[K/home/mohzap/catkin_ws/src/mavros/mavros_extras/src/plugins/mpc_inputs.cpp:2[m[K:
[01m[K/usr/include/c++/9/bits/basic_string.h:6115:5:[m[K [01;36m[Knote: [m[Kcandidate: ‘[01m[Ktemplate<class _CharT, class _Traits, class _Alloc> std::__cxx11::basic_string<_CharT, _Traits, _Alloc> std::operator+(_CharT, std::__cxx11::basic_string<_CharT, _Traits, _Alloc>&&)[m[K’
 6115 |     [01;36m[Koperator[m[K+(_CharT __lhs,
      |     [01;36m[K^~~~~~~~[m[K
[01m[K/usr/include/c++/9/bits/basic_string.h:6115:5:[m[K [01;36m[Knote: [m[K  template argument deduction/substitution failed:
[01m[K/home/mohzap/catkin_ws/src/mavros/mavros_extras/src/plugins/mpc_inputs.cpp:52:63:[m[K [01;36m[Knote: [m[K  mismatched types ‘[01m[Kstd::__cxx11::basic_string<_CharT, _Traits, _Alloc>[m[K’ and ‘[01m[Kint[m[K’
   52 |         std::copy(mpc_inputs.mpc_ref_in,mpc_inputs.mpc_ref_in+[01;36m[K38[m[K,ros_msg->mpc_ref_in);
      |                                                               [01;36m[K^~[m[K
In file included from [01m[K/usr/include/c++/9/string:55[m[K,
                 from [01m[K/usr/include/c++/9/stdexcept:39[m[K,
                 from [01m[K/usr/include/c++/9/array:39[m[K,
                 from [01m[K/usr/include/c++/9/tuple:39[m[K,
                 from [01m[K/home/mohzap/catkin_ws/src/mavros/mavros/include/mavros/mavros_plugin.h:20[m[K,
                 from [01m[K/home/mohzap/catkin_ws/src/mavros/mavros_extras/src/plugins/mpc_inputs.cpp:2[m[K:
[01m[K/usr/include/c++/9/bits/basic_string.h:6121:5:[m[K [01;36m[Knote: [m[Kcandidate: ‘[01m[Ktemplate<class _CharT, class _Traits, class _Alloc> std::__cxx11::basic_string<_CharT, _Traits, _Alloc> std::operator+(std::__cxx11::basic_string<_CharT, _Traits, _Alloc>&&, const _CharT*)[m[K’
 6121 |     [01;36m[Koperator[m[K+(basic_string<_CharT, _Traits, _Alloc>&& __lhs,
      |     [01;36m[K^~~~~~~~[m[K
[01m[K/usr/include/c++/9/bits/basic_string.h:6121:5:[m[K [01;36m[Knote: [m[K  template argument deduction/substitution failed:
[01m[K/home/mohzap/catkin_ws/src/mavros/mavros_extras/src/plugins/mpc_inputs.cpp:52:63:[m[K [01;36m[Knote: [m[K  ‘[01m[Kstd::array<float, 38>[m[K’ is not derived from ‘[01m[Kstd::__cxx11::basic_string<_CharT, _Traits, _Alloc>[m[K’
   52 |         std::copy(mpc_inputs.mpc_ref_in,mpc_inputs.mpc_ref_in+[01;36m[K38[m[K,ros_msg->mpc_ref_in);
      |                                                               [01;36m[K^~[m[K
In file included from [01m[K/usr/include/c++/9/string:55[m[K,
                 from [01m[K/usr/include/c++/9/stdexcept:39[m[K,
                 from [01m[K/usr/include/c++/9/array:39[m[K,
                 from [01m[K/usr/include/c++/9/tuple:39[m[K,
                 from [01m[K/home/mohzap/catkin_ws/src/mavros/mavros/include/mavros/mavros_plugin.h:20[m[K,
                 from [01m[K/home/mohzap/catkin_ws/src/mavros/mavros_extras/src/plugins/mpc_inputs.cpp:2[m[K:
[01m[K/usr/include/c++/9/bits/basic_string.h:6127:5:[m[K [01;36m[Knote: [m[Kcandidate: ‘[01m[Ktemplate<class _CharT, class _Traits, class _Alloc> std::__cxx11::basic_string<_CharT, _Traits, _Alloc> std::operator+(std::__cxx11::basic_string<_CharT, _Traits, _Alloc>&&, _CharT)[m[K’
 6127 |     [01;36m[Koperator[m[K+(basic_string<_CharT, _Traits, _Alloc>&& __lhs,
      |     [01;36m[K^~~~~~~~[m[K
[01m[K/usr/include/c++/9/bits/basic_string.h:6127:5:[m[K [01;36m[Knote: [m[K  template argument deduction/substitution failed:
[01m[K/home/mohzap/catkin_ws/src/mavros/mavros_extras/src/plugins/mpc_inputs.cpp:52:63:[m[K [01;36m[Knote: [m[K  ‘[01m[Kstd::array<float, 38>[m[K’ is not derived from ‘[01m[Kstd::__cxx11::basic_string<_CharT, _Traits, _Alloc>[m[K’
   52 |         std::copy(mpc_inputs.mpc_ref_in,mpc_inputs.mpc_ref_in+[01;36m[K38[m[K,ros_msg->mpc_ref_in);
      |                                                               [01;36m[K^~[m[K
In file included from [01m[K/usr/include/c++/9/vector:68[m[K,
                 from [01m[K/home/mohzap/catkin_ws/src/mavros/mavros/include/mavros/mavros_plugin.h:21[m[K,
                 from [01m[K/home/mohzap/catkin_ws/src/mavros/mavros_extras/src/plugins/mpc_inputs.cpp:2[m[K:
[01m[K/usr/include/c++/9/bits/stl_bvector.h:303:3:[m[K [01;36m[Knote: [m[Kcandidate: ‘[01m[Kstd::_Bit_iterator std::operator+(std::ptrdiff_t, const std::_Bit_iterator&)[m[K’
  303 |   [01;36m[Koperator[m[K+(ptrdiff_t __n, const _Bit_iterator& __x)
      |   [01;36m[K^~~~~~~~[m[K
[01m[K/usr/include/c++/9/bits/stl_bvector.h:303:23:[m[K [01;36m[Knote: [m[K  no known conversion for argument 1 from ‘[01m[Kstd::array<float, 38>[m[K’ to ‘[01m[Kstd::ptrdiff_t[m[K’ {aka ‘[01m[Klong int[m[K’}
  303 |   operator+([01;36m[Kptrdiff_t __n[m[K, const _Bit_iterator& __x)
      |             [01;36m[K~~~~~~~~~~^~~[m[K
[01m[K/usr/include/c++/9/bits/stl_bvector.h:393:3:[m[K [01;36m[Knote: [m[Kcandidate: ‘[01m[Kstd::_Bit_const_iterator std::operator+(std::ptrdiff_t, const std::_Bit_const_iterator&)[m[K’
  393 |   [01;36m[Koperator[m[K+(ptrdiff_t __n, const _Bit_const_iterator& __x)
      |   [01;36m[K^~~~~~~~[m[K
[01m[K/usr/include/c++/9/bits/stl_bvector.h:393:23:[m[K [01;36m[Knote: [m[K  no known conversion for argument 1 from ‘[01m[Kstd::array<float, 38>[m[K’ to ‘[01m[Kstd::ptrdiff_t[m[K’ {aka ‘[01m[Klong int[m[K’}
  393 |   operator+([01;36m[Kptrdiff_t __n[m[K, const _Bit_const_iterator& __x)
      |             [01;36m[K~~~~~~~~~~^~~[m[K
In file included from [01m[K/usr/include/boost/config/no_tr1/complex.hpp:21[m[K,
                 from [01m[K/usr/include/boost/math/policies/error_handling.hpp:17[m[K,
                 from [01m[K/usr/include/boost/math/special_functions/round.hpp:14[m[K,
                 from [01m[K/opt/ros/noetic/include/ros/time.h:58[m[K,
                 from [01m[K/opt/ros/noetic/include/ros/forwards.h:42[m[K,
                 from [01m[K/opt/ros/noetic/include/ros/node_handle.h:31[m[K,
                 from [01m[K/opt/ros/noetic/include/diagnostic_updater/diagnostic_updater.h:42[m[K,
                 from [01m[K/home/mohzap/catkin_ws/src/mavros/mavros/include/mavros/mavros_plugin.h:23[m[K,
                 from [01m[K/home/mohzap/catkin_ws/src/mavros/mavros_extras/src/plugins/mpc_inputs.cpp:2[m[K:
[01m[K/usr/include/c++/9/complex:331:5:[m[K [01;36m[Knote: [m[Kcandidate: ‘[01m[Ktemplate<class _Tp> std::complex<_Tp> std::operator+(const std::complex<_Tp>&, const std::complex<_Tp>&)[m[K’
  331 |     [01;36m[Koperator[m[K+(const complex<_Tp>& __x, const complex<_Tp>& __y)
      |     [01;36m[K^~~~~~~~[m[K
[01m[K/usr/include/c++/9/complex:331:5:[m[K [01;36m[Knote: [m[K  template argument deduction/substitution failed:
[01m[K/home/mohzap/catkin_ws/src/mavros/mavros_extras/src/plugins/mpc_inputs.cpp:52:63:[m[K [01;36m[Knote: [m[K  ‘[01m[Kstd::array<float, 38>[m[K’ is not derived from ‘[01m[Kconst std::complex<_Tp>[m[K’
   52 |         std::copy(mpc_inputs.mpc_ref_in,mpc_inputs.mpc_ref_in+[01;36m[K38[m[K,ros_msg->mpc_ref_in);
      |                                                               [01;36m[K^~[m[K
In file included from [01m[K/usr/include/boost/config/no_tr1/complex.hpp:21[m[K,
                 from [01m[K/usr/include/boost/math/policies/error_handling.hpp:17[m[K,
                 from [01m[K/usr/include/boost/math/special_functions/round.hpp:14[m[K,
                 from [01m[K/opt/ros/noetic/include/ros/time.h:58[m[K,
                 from [01m[K/opt/ros/noetic/include/ros/forwards.h:42[m[K,
                 from [01m[K/opt/ros/noetic/include/ros/node_handle.h:31[m[K,
                 from [01m[K/opt/ros/noetic/include/diagnostic_updater/diagnostic_updater.h:42[m[K,
                 from [01m[K/home/mohzap/catkin_ws/src/mavros/mavros/include/mavros/mavros_plugin.h:23[m[K,
                 from [01m[K/home/mohzap/catkin_ws/src/mavros/mavros_extras/src/plugins/mpc_inputs.cpp:2[m[K:
[01m[K/usr/include/c++/9/complex:340:5:[m[K [01;36m[Knote: [m[Kcandidate: ‘[01m[Ktemplate<class _Tp> std::complex<_Tp> std::operator+(const std::complex<_Tp>&, const _Tp&)[m[K’
  340 |     [01;36m[Koperator[m[K+(const complex<_Tp>& __x, const _Tp& __y)
      |     [01;36m[K^~~~~~~~[m[K
[01m[K/usr/include/c++/9/complex:340:5:[m[K [01;36m[Knote: [m[K  template argument deduction/substitution failed:
[01m[K/home/mohzap/catkin_ws/src/mavros/mavros_extras/src/plugins/mpc_inputs.cpp:52:63:[m[K [01;36m[Knote: [m[K  ‘[01m[Kstd::array<float, 38>[m[K’ is not derived from ‘[01m[Kconst std::complex<_Tp>[m[K’
   52 |         std::copy(mpc_inputs.mpc_ref_in,mpc_inputs.mpc_ref_in+[01;36m[K38[m[K,ros_msg->mpc_ref_in);
      |                                                               [01;36m[K^~[m[K
In file included from [01m[K/usr/include/boost/config/no_tr1/complex.hpp:21[m[K,
                 from [01m[K/usr/include/boost/math/policies/error_handling.hpp:17[m[K,
                 from [01m[K/usr/include/boost/math/special_functions/round.hpp:14[m[K,
                 from [01m[K/opt/ros/noetic/include/ros/time.h:58[m[K,
                 from [01m[K/opt/ros/noetic/include/ros/forwards.h:42[m[K,
                 from [01m[K/opt/ros/noetic/include/ros/node_handle.h:31[m[K,
                 from [01m[K/opt/ros/noetic/include/diagnostic_updater/diagnostic_updater.h:42[m[K,
                 from [01m[K/home/mohzap/catkin_ws/src/mavros/mavros/include/mavros/mavros_plugin.h:23[m[K,
                 from [01m[K/home/mohzap/catkin_ws/src/mavros/mavros_extras/src/plugins/mpc_inputs.cpp:2[m[K:
[01m[K/usr/include/c++/9/complex:349:5:[m[K [01;36m[Knote: [m[Kcandidate: ‘[01m[Ktemplate<class _Tp> std::complex<_Tp> std::operator+(const _Tp&, const std::complex<_Tp>&)[m[K’
  349 |     [01;36m[Koperator[m[K+(const _Tp& __x, const complex<_Tp>& __y)
      |     [01;36m[K^~~~~~~~[m[K
[01m[K/usr/include/c++/9/complex:349:5:[m[K [01;36m[Knote: [m[K  template argument deduction/substitution failed:
[01m[K/home/mohzap/catkin_ws/src/mavros/mavros_extras/src/plugins/mpc_inputs.cpp:52:63:[m[K [01;36m[Knote: [m[K  mismatched types ‘[01m[Kconst std::complex<_Tp>[m[K’ and ‘[01m[Kint[m[K’
   52 |         std::copy(mpc_inputs.mpc_ref_in,mpc_inputs.mpc_ref_in+[01;36m[K38[m[K,ros_msg->mpc_ref_in);
      |                                                               [01;36m[K^~[m[K
In file included from [01m[K/usr/include/boost/config/no_tr1/complex.hpp:21[m[K,
                 from [01m[K/usr/include/boost/math/policies/error_handling.hpp:17[m[K,
                 from [01m[K/usr/include/boost/math/special_functions/round.hpp:14[m[K,
                 from [01m[K/opt/ros/noetic/include/ros/time.h:58[m[K,
                 from [01m[K/opt/ros/noetic/include/ros/forwards.h:42[m[K,
                 from [01m[K/opt/ros/noetic/include/ros/node_handle.h:31[m[K,
                 from [01m[K/opt/ros/noetic/include/diagnostic_updater/diagnostic_updater.h:42[m[K,
                 from [01m[K/home/mohzap/catkin_ws/src/mavros/mavros/include/mavros/mavros_plugin.h:23[m[K,
                 from [01m[K/home/mohzap/catkin_ws/src/mavros/mavros_extras/src/plugins/mpc_inputs.cpp:2[m[K:
[01m[K/usr/include/c++/9/complex:450:5:[m[K [01;36m[Knote: [m[Kcandidate: ‘[01m[Ktemplate<class _Tp> std::complex<_Tp> std::operator+(const std::complex<_Tp>&)[m[K’
  450 |     [01;36m[Koperator[m[K+(const complex<_Tp>& __x)
      |     [01;36m[K^~~~~~~~[m[K
[01m[K/usr/include/c++/9/complex:450:5:[m[K [01;36m[Knote: [m[K  template argument deduction/substitution failed:
[01m[K/home/mohzap/catkin_ws/src/mavros/mavros_extras/src/plugins/mpc_inputs.cpp:52:63:[m[K [01;36m[Knote: [m[K  ‘[01m[Kstd::array<float, 38>[m[K’ is not derived from ‘[01m[Kconst std::complex<_Tp>[m[K’
   52 |         std::copy(mpc_inputs.mpc_ref_in,mpc_inputs.mpc_ref_in+[01;36m[K38[m[K,ros_msg->mpc_ref_in);
      |                                                               [01;36m[K^~[m[K
In file included from [01m[K/usr/include/c++/9/deque:67[m[K,
                 from [01m[K/usr/include/boost/detail/container_fwd.hpp:91[m[K,
                 from [01m[K/usr/include/boost/container_hash/extensions.hpp:22[m[K,
                 from [01m[K/usr/include/boost/container_hash/hash.hpp:760[m[K,
                 from [01m[K/usr/include/boost/functional/hash.hpp:6[m[K,
                 from [01m[K/usr/include/boost/thread/detail/thread.hpp:41[m[K,
                 from [01m[K/usr/include/boost/thread/thread_only.hpp:22[m[K,
                 from [01m[K/usr/include/boost/thread/thread.hpp:12[m[K,
                 from [01m[K/usr/include/boost/thread.hpp:13[m[K,
                 from [01m[K/opt/ros/noetic/include/diagnostic_updater/diagnostic_updater.h:49[m[K,
                 from [01m[K/home/mohzap/catkin_ws/src/mavros/mavros/include/mavros/mavros_plugin.h:23[m[K,
                 from [01m[K/home/mohzap/catkin_ws/src/mavros/mavros_extras/src/plugins/mpc_inputs.cpp:2[m[K:
[01m[K/usr/include/c++/9/bits/stl_deque.h:393:5:[m[K [01;36m[Knote: [m[Kcandidate: ‘[01m[Ktemplate<class _Tp, class _Ref, class _Ptr> std::_Deque_iterator<_Tp, _Ref, _Ptr> std::operator+(std::ptrdiff_t, const std::_Deque_iterator<_Tp, _Ref, _Ptr>&)[m[K’
  393 |     [01;36m[Koperator[m[K+(ptrdiff_t __n, const _Deque_iterator<_Tp, _Ref, _Ptr>& __x)
      |     [01;36m[K^~~~~~~~[m[K
[01m[K/usr/include/c++/9/bits/stl_deque.h:393:5:[m[K [01;36m[Knote: [m[K  template argument deduction/substitution failed:
[01m[K/home/mohzap/catkin_ws/src/mavros/mavros_extras/src/plugins/mpc_inputs.cpp:52:63:[m[K [01;36m[Knote: [m[K  mismatched types ‘[01m[Kconst std::_Deque_iterator<_Tp, _Ref, _Ptr>[m[K’ and ‘[01m[Kint[m[K’
   52 |         std::copy(mpc_inputs.mpc_ref_in,mpc_inputs.mpc_ref_in+[01;36m[K38[m[K,ros_msg->mpc_ref_in);
      |                                                               [01;36m[K^~[m[K
[01m[K/home/mohzap/catkin_ws/src/mavros/mavros_extras/src/plugins/mpc_inputs.cpp:53:60:[m[K [01;31m[Kerror: [m[Kno match for ‘[01m[Koperator+[m[K’ (operand types are ‘[01m[Kstd::array<float, 2>[m[K’ and ‘[01m[Kint[m[K’)
   53 |         std::copy(mpc_inputs.mpc_mo_in,[32m[Kmpc_inputs.mpc_mo_in[m[K[01;31m[K+[m[K[34m[K2[m[K,ros_msg->mpc_mo_in);
      |                                        [32m[K~~~~~~~~~~~~~~~~~~~~[m[K[01;31m[K^[m[K[34m[K~[m[K
      |                                                   [32m[K|[m[K         [34m[K|[m[K
      |                                                   [32m[K|[m[K         [34m[Kint[m[K
      |                                                   [32m[Kstd::array<float, 2>[m[K
In file included from [01m[K/usr/include/c++/9/bits/stl_algobase.h:67[m[K,
                 from [01m[K/usr/include/c++/9/bits/char_traits.h:39[m[K,
                 from [01m[K/usr/include/c++/9/string:40[m[K,
                 from [01m[K/usr/include/c++/9/stdexcept:39[m[K,
                 from [01m[K/usr/include/c++/9/array:39[m[K,
                 from [01m[K/usr/include/c++/9/tuple:39[m[K,
                 from [01m[K/home/mohzap/catkin_ws/src/mavros/mavros/include/mavros/mavros_plugin.h:20[m[K,
                 from [01m[K/home/mohzap/catkin_ws/src/mavros/mavros_extras/src/plugins/mpc_inputs.cpp:2[m[K:
[01m[K/usr/include/c++/9/bits/stl_iterator.h:423:5:[m[K [01;36m[Knote: [m[Kcandidate: ‘[01m[Ktemplate<class _Iterator> std::reverse_iterator<_Iterator> std::operator+(typename std::reverse_iterator<_Iterator>::difference_type, const std::reverse_iterator<_Iterator>&)[m[K’
  423 |     [01;36m[Koperator[m[K+(typename reverse_iterator<_Iterator>::difference_type __n,
      |     [01;36m[K^~~~~~~~[m[K
[01m[K/usr/include/c++/9/bits/stl_iterator.h:423:5:[m[K [01;36m[Knote: [m[K  template argument deduction/substitution failed:
[01m[K/home/mohzap/catkin_ws/src/mavros/mavros_extras/src/plugins/mpc_inputs.cpp:53:61:[m[K [01;36m[Knote: [m[K  mismatched types ‘[01m[Kconst std::reverse_iterator<_Iterator>[m[K’ and ‘[01m[Kint[m[K’
   53 |         std::copy(mpc_inputs.mpc_mo_in,mpc_inputs.mpc_mo_in+[01;36m[K2[m[K,ros_msg->mpc_mo_in);
      |                                                             [01;36m[K^[m[K
In file included from [01m[K/usr/include/c++/9/bits/stl_algobase.h:67[m[K,
                 from [01m[K/usr/include/c++/9/bits/char_traits.h:39[m[K,
                 from [01m[K/usr/include/c++/9/string:40[m[K,
                 from [01m[K/usr/include/c++/9/stdexcept:39[m[K,
                 from [01m[K/usr/include/c++/9/array:39[m[K,
                 from [01m[K/usr/include/c++/9/tuple:39[m[K,
                 from [01m[K/home/mohzap/catkin_ws/src/mavros/mavros/include/mavros/mavros_plugin.h:20[m[K,
                 from [01m[K/home/mohzap/catkin_ws/src/mavros/mavros_extras/src/plugins/mpc_inputs.cpp:2[m[K:
[01m[K/usr/include/c++/9/bits/stl_iterator.h:1219:5:[m[K [01;36m[Knote: [m[Kcandidate: ‘[01m[Ktemplate<class _Iterator> std::move_iterator<_IteratorL> std::operator+(typename std::move_iterator<_IteratorL>::difference_type, const std::move_iterator<_IteratorL>&)[m[K’
 1219 |     [01;36m[Koperator[m[K+(typename move_iterator<_Iterator>::difference_type __n,
      |     [01;36m[K^~~~~~~~[m[K
[01m[K/usr/include/c++/9/bits/stl_iterator.h:1219:5:[m[K [01;36m[Knote: [m[K  template argument deduction/substitution failed:
[01m[K/home/mohzap/catkin_ws/src/mavros/mavros_extras/src/plugins/mpc_inputs.cpp:53:61:[m[K [01;36m[Knote: [m[K  mismatched types ‘[01m[Kconst std::move_iterator<_IteratorL>[m[K’ and ‘[01m[Kint[m[K’
   53 |         std::copy(mpc_inputs.mpc_mo_in,mpc_inputs.mpc_mo_in+[01;36m[K2[m[K,ros_msg->mpc_mo_in);
      |                                                             [01;36m[K^[m[K
In file included from [01m[K/usr/include/c++/9/string:55[m[K,
                 from [01m[K/usr/include/c++/9/stdexcept:39[m[K,
                 from [01m[K/usr/include/c++/9/array:39[m[K,
                 from [01m[K/usr/include/c++/9/tuple:39[m[K,
                 from [01m[K/home/mohzap/catkin_ws/src/mavros/mavros/include/mavros/mavros_plugin.h:20[m[K,
                 from [01m[K/home/mohzap/catkin_ws/src/mavros/mavros_extras/src/plugins/mpc_inputs.cpp:2[m[K:
[01m[K/usr/include/c++/9/bits/basic_string.h:6020:5:[m[K [01;36m[Knote: [m[Kcandidate: ‘[01m[Ktemplate<class _CharT, class _Traits, class _Alloc> std::__cxx11::basic_string<_CharT, _Traits, _Alloc> std::operator+(const std::__cxx11::basic_string<_CharT, _Traits, _Alloc>&, const std::__cxx11::basic_string<_CharT, _Traits, _Alloc>&)[m[K’
 6020 |     [01;36m[Koperator[m[K+(const basic_string<_CharT, _Traits, _Alloc>& __lhs,
      |     [01;36m[K^~~~~~~~[m[K
[01m[K/usr/include/c++/9/bits/basic_string.h:6020:5:[m[K [01;36m[Knote: [m[K  template argument deduction/substitution failed:
[01m[K/home/mohzap/catkin_ws/src/mavros/mavros_extras/src/plugins/mpc_inputs.cpp:53:61:[m[K [01;36m[Knote: [m[K  ‘[01m[Kstd::array<float, 2>[m[K’ is not derived from ‘[01m[Kconst std::__cxx11::basic_string<_CharT, _Traits, _Alloc>[m[K’
   53 |         std::copy(mpc_inputs.mpc_mo_in,mpc_inputs.mpc_mo_in+[01;36m[K2[m[K,ros_msg->mpc_mo_in);
      |                                                             [01;36m[K^[m[K
In file included from [01m[K/usr/include/c++/9/string:56[m[K,
                 from [01m[K/usr/include/c++/9/stdexcept:39[m[K,
                 from [01m[K/usr/include/c++/9/array:39[m[K,
                 from [01m[K/usr/include/c++/9/tuple:39[m[K,
                 from [01m[K/home/mohzap/catkin_ws/src/mavros/mavros/include/mavros/mavros_plugin.h:20[m[K,
                 from [01m[K/home/mohzap/catkin_ws/src/mavros/mavros_extras/src/plugins/mpc_inputs.cpp:2[m[K:
[01m[K/usr/include/c++/9/bits/basic_string.tcc:1158:5:[m[K [01;36m[Knote: [m[Kcandidate: ‘[01m[Ktemplate<class _CharT, class _Traits, class _Alloc> std::__cxx11::basic_string<_CharT, _Traits, _Alloc> std::operator+(const _CharT*, const std::__cxx11::basic_string<_CharT, _Traits, _Alloc>&)[m[K’
 1158 |     [01;36m[Koperator[m[K+(const _CharT* __lhs,
      |     [01;36m[K^~~~~~~~[m[K
[01m[K/usr/include/c++/9/bits/basic_string.tcc:1158:5:[m[K [01;36m[Knote: [m[K  template argument deduction/substitution failed:
[01m[K/home/mohzap/catkin_ws/src/mavros/mavros_extras/src/plugins/mpc_inputs.cpp:53:61:[m[K [01;36m[Knote: [m[K  mismatched types ‘[01m[Kconst _CharT*[m[K’ and ‘[01m[Kstd::array<float, 2>[m[K’
   53 |         std::copy(mpc_inputs.mpc_mo_in,mpc_inputs.mpc_mo_in+[01;36m[K2[m[K,ros_msg->mpc_mo_in);
      |                                                             [01;36m[K^[m[K
In file included from [01m[K/usr/include/c++/9/string:56[m[K,
                 from [01m[K/usr/include/c++/9/stdexcept:39[m[K,
                 from [01m[K/usr/include/c++/9/array:39[m[K,
                 from [01m[K/usr/include/c++/9/tuple:39[m[K,
                 from [01m[K/home/mohzap/catkin_ws/src/mavros/mavros/include/mavros/mavros_plugin.h:20[m[K,
                 from [01m[K/home/mohzap/catkin_ws/src/mavros/mavros_extras/src/plugins/mpc_inputs.cpp:2[m[K:
[01m[K/usr/include/c++/9/bits/basic_string.tcc:1174:5:[m[K [01;36m[Knote: [m[Kcandidate: ‘[01m[Ktemplate<class _CharT, class _Traits, class _Alloc> std::__cxx11::basic_string<_CharT, _Traits, _Alloc> std::operator+(_CharT, const std::__cxx11::basic_string<_CharT, _Traits, _Alloc>&)[m[K’
 1174 |     [01;36m[Koperator[m[K+(_CharT __lhs, const basic_string<_CharT, _Traits, _Alloc>& __rhs)
      |     [01;36m[K^~~~~~~~[m[K
[01m[K/usr/include/c++/9/bits/basic_string.tcc:1174:5:[m[K [01;36m[Knote: [m[K  template argument deduction/substitution failed:
[01m[K/home/mohzap/catkin_ws/src/mavros/mavros_extras/src/plugins/mpc_inputs.cpp:53:61:[m[K [01;36m[Knote: [m[K  mismatched types ‘[01m[Kconst std::__cxx11::basic_string<_CharT, _Traits, _Alloc>[m[K’ and ‘[01m[Kint[m[K’
   53 |         std::copy(mpc_inputs.mpc_mo_in,mpc_inputs.mpc_mo_in+[01;36m[K2[m[K,ros_msg->mpc_mo_in);
      |                                                             [01;36m[K^[m[K
In file included from [01m[K/usr/include/c++/9/string:55[m[K,
                 from [01m[K/usr/include/c++/9/stdexcept:39[m[K,
                 from [01m[K/usr/include/c++/9/array:39[m[K,
                 from [01m[K/usr/include/c++/9/tuple:39[m[K,
                 from [01m[K/home/mohzap/catkin_ws/src/mavros/mavros/include/mavros/mavros_plugin.h:20[m[K,
                 from [01m[K/home/mohzap/catkin_ws/src/mavros/mavros_extras/src/plugins/mpc_inputs.cpp:2[m[K:
[01m[K/usr/include/c++/9/bits/basic_string.h:6057:5:[m[K [01;36m[Knote: [m[Kcandidate: ‘[01m[Ktemplate<class _CharT, class _Traits, class _Alloc> std::__cxx11::basic_string<_CharT, _Traits, _Alloc> std::operator+(const std::__cxx11::basic_string<_CharT, _Traits, _Alloc>&, const _CharT*)[m[K’
 6057 |     [01;36m[Koperator[m[K+(const basic_string<_CharT, _Traits, _Alloc>& __lhs,
      |     [01;36m[K^~~~~~~~[m[K
[01m[K/usr/include/c++/9/bits/basic_string.h:6057:5:[m[K [01;36m[Knote: [m[K  template argument deduction/substitution failed:
[01m[K/home/mohzap/catkin_ws/src/mavros/mavros_extras/src/plugins/mpc_inputs.cpp:53:61:[m[K [01;36m[Knote: [m[K  ‘[01m[Kstd::array<float, 2>[m[K’ is not derived from ‘[01m[Kconst std::__cxx11::basic_string<_CharT, _Traits, _Alloc>[m[K’
   53 |         std::copy(mpc_inputs.mpc_mo_in,mpc_inputs.mpc_mo_in+[01;36m[K2[m[K,ros_msg->mpc_mo_in);
      |                                                             [01;36m[K^[m[K
In file included from [01m[K/usr/include/c++/9/string:55[m[K,
                 from [01m[K/usr/include/c++/9/stdexcept:39[m[K,
                 from [01m[K/usr/include/c++/9/array:39[m[K,
                 from [01m[K/usr/include/c++/9/tuple:39[m[K,
                 from [01m[K/home/mohzap/catkin_ws/src/mavros/mavros/include/mavros/mavros_plugin.h:20[m[K,
                 from [01m[K/home/mohzap/catkin_ws/src/mavros/mavros_extras/src/plugins/mpc_inputs.cpp:2[m[K:
[01m[K/usr/include/c++/9/bits/basic_string.h:6073:5:[m[K [01;36m[Knote: [m[Kcandidate: ‘[01m[Ktemplate<class _CharT, class _Traits, class _Alloc> std::__cxx11::basic_string<_CharT, _Traits, _Alloc> std::operator+(const std::__cxx11::basic_string<_CharT, _Traits, _Alloc>&, _CharT)[m[K’
 6073 |     [01;36m[Koperator[m[K+(const basic_string<_CharT, _Traits, _Alloc>& __lhs, _CharT __rhs)
      |     [01;36m[K^~~~~~~~[m[K
[01m[K/usr/include/c++/9/bits/basic_string.h:6073:5:[m[K [01;36m[Knote: [m[K  template argument deduction/substitution failed:
[01m[K/home/mohzap/catkin_ws/src/mavros/mavros_extras/src/plugins/mpc_inputs.cpp:53:61:[m[K [01;36m[Knote: [m[K  ‘[01m[Kstd::array<float, 2>[m[K’ is not derived from ‘[01m[Kconst std::__cxx11::basic_string<_CharT, _Traits, _Alloc>[m[K’
   53 |         std::copy(mpc_inputs.mpc_mo_in,mpc_inputs.mpc_mo_in+[01;36m[K2[m[K,ros_msg->mpc_mo_in);
      |                                                             [01;36m[K^[m[K
In file included from [01m[K/usr/include/c++/9/string:55[m[K,
                 from [01m[K/usr/include/c++/9/stdexcept:39[m[K,
                 from [01m[K/usr/include/c++/9/array:39[m[K,
                 from [01m[K/usr/include/c++/9/tuple:39[m[K,
                 from [01m[K/home/mohzap/catkin_ws/src/mavros/mavros/include/mavros/mavros_plugin.h:20[m[K,
                 from [01m[K/home/mohzap/catkin_ws/src/mavros/mavros_extras/src/plugins/mpc_inputs.cpp:2[m[K:
[01m[K/usr/include/c++/9/bits/basic_string.h:6085:5:[m[K [01;36m[Knote: [m[Kcandidate: ‘[01m[Ktemplate<class _CharT, class _Traits, class _Alloc> std::__cxx11::basic_string<_CharT, _Traits, _Alloc> std::operator+(std::__cxx11::basic_string<_CharT, _Traits, _Alloc>&&, const std::__cxx11::basic_string<_CharT, _Traits, _Alloc>&)[m[K’
 6085 |     [01;36m[Koperator[m[K+(basic_string<_CharT, _Traits, _Alloc>&& __lhs,
      |     [01;36m[K^~~~~~~~[m[K
[01m[K/usr/include/c++/9/bits/basic_string.h:6085:5:[m[K [01;36m[Knote: [m[K  template argument deduction/substitution failed:
[01m[K/home/mohzap/catkin_ws/src/mavros/mavros_extras/src/plugins/mpc_inputs.cpp:53:61:[m[K [01;36m[Knote: [m[K  ‘[01m[Kstd::array<float, 2>[m[K’ is not derived from ‘[01m[Kstd::__cxx11::basic_string<_CharT, _Traits, _Alloc>[m[K’
   53 |         std::copy(mpc_inputs.mpc_mo_in,mpc_inputs.mpc_mo_in+[01;36m[K2[m[K,ros_msg->mpc_mo_in);
      |                                                             [01;36m[K^[m[K
In file included from [01m[K/usr/include/c++/9/string:55[m[K,
                 from [01m[K/usr/include/c++/9/stdexcept:39[m[K,
                 from [01m[K/usr/include/c++/9/array:39[m[K,
                 from [01m[K/usr/include/c++/9/tuple:39[m[K,
                 from [01m[K/home/mohzap/catkin_ws/src/mavros/mavros/include/mavros/mavros_plugin.h:20[m[K,
                 from [01m[K/home/mohzap/catkin_ws/src/mavros/mavros_extras/src/plugins/mpc_inputs.cpp:2[m[K:
[01m[K/usr/include/c++/9/bits/basic_string.h:6091:5:[m[K [01;36m[Knote: [m[Kcandidate: ‘[01m[Ktemplate<class _CharT, class _Traits, class _Alloc> std::__cxx11::basic_string<_CharT, _Traits, _Alloc> std::operator+(const std::__cxx11::basic_string<_CharT, _Traits, _Alloc>&, std::__cxx11::basic_string<_CharT, _Traits, _Alloc>&&)[m[K’
 6091 |     [01;36m[Koperator[m[K+(const basic_string<_CharT, _Traits, _Alloc>& __lhs,
      |     [01;36m[K^~~~~~~~[m[K
[01m[K/usr/include/c++/9/bits/basic_string.h:6091:5:[m[K [01;36m[Knote: [m[K  template argument deduction/substitution failed:
[01m[K/home/mohzap/catkin_ws/src/mavros/mavros_extras/src/plugins/mpc_inputs.cpp:53:61:[m[K [01;36m[Knote: [m[K  ‘[01m[Kstd::array<float, 2>[m[K’ is not derived from ‘[01m[Kconst std::__cxx11::basic_string<_CharT, _Traits, _Alloc>[m[K’
   53 |         std::copy(mpc_inputs.mpc_mo_in,mpc_inputs.mpc_mo_in+[01;36m[K2[m[K,ros_msg->mpc_mo_in);
      |                                                             [01;36m[K^[m[K
In file included from [01m[K/usr/include/c++/9/string:55[m[K,
                 from [01m[K/usr/include/c++/9/stdexcept:39[m[K,
                 from [01m[K/usr/include/c++/9/array:39[m[K,
                 from [01m[K/usr/include/c++/9/tuple:39[m[K,
                 from [01m[K/home/mohzap/catkin_ws/src/mavros/mavros/include/mavros/mavros_plugin.h:20[m[K,
                 from [01m[K/home/mohzap/catkin_ws/src/mavros/mavros_extras/src/plugins/mpc_inputs.cpp:2[m[K:
[01m[K/usr/include/c++/9/bits/basic_string.h:6097:5:[m[K [01;36m[Knote: [m[Kcandidate: ‘[01m[Ktemplate<class _CharT, class _Traits, class _Alloc> std::__cxx11::basic_string<_CharT, _Traits, _Alloc> std::operator+(std::__cxx11::basic_string<_CharT, _Traits, _Alloc>&&, std::__cxx11::basic_string<_CharT, _Traits, _Alloc>&&)[m[K’
 6097 |     [01;36m[Koperator[m[K+(basic_string<_CharT, _Traits, _Alloc>&& __lhs,
      |     [01;36m[K^~~~~~~~[m[K
[01m[K/usr/include/c++/9/bits/basic_string.h:6097:5:[m[K [01;36m[Knote: [m[K  template argument deduction/substitution failed:
[01m[K/home/mohzap/catkin_ws/src/mavros/mavros_extras/src/plugins/mpc_inputs.cpp:53:61:[m[K [01;36m[Knote: [m[K  ‘[01m[Kstd::array<float, 2>[m[K’ is not derived from ‘[01m[Kstd::__cxx11::basic_string<_CharT, _Traits, _Alloc>[m[K’
   53 |         std::copy(mpc_inputs.mpc_mo_in,mpc_inputs.mpc_mo_in+[01;36m[K2[m[K,ros_msg->mpc_mo_in);
      |                                                             [01;36m[K^[m[K
In file included from [01m[K/usr/include/c++/9/string:55[m[K,
                 from [01m[K/usr/include/c++/9/stdexcept:39[m[K,
                 from [01m[K/usr/include/c++/9/array:39[m[K,
                 from [01m[K/usr/include/c++/9/tuple:39[m[K,
                 from [01m[K/home/mohzap/catkin_ws/src/mavros/mavros/include/mavros/mavros_plugin.h:20[m[K,
                 from [01m[K/home/mohzap/catkin_ws/src/mavros/mavros_extras/src/plugins/mpc_inputs.cpp:2[m[K:
[01m[K/usr/include/c++/9/bits/basic_string.h:6109:5:[m[K [01;36m[Knote: [m[Kcandidate: ‘[01m[Ktemplate<class _CharT, class _Traits, class _Alloc> std::__cxx11::basic_string<_CharT, _Traits, _Alloc> std::operator+(const _CharT*, std::__cxx11::basic_string<_CharT, _Traits, _Alloc>&&)[m[K’
 6109 |     [01;36m[Koperator[m[K+(const _CharT* __lhs,
      |     [01;36m[K^~~~~~~~[m[K
[01m[K/usr/include/c++/9/bits/basic_string.h:6109:5:[m[K [01;36m[Knote: [m[K  template argument deduction/substitution failed:
[01m[K/home/mohzap/catkin_ws/src/mavros/mavros_extras/src/plugins/mpc_inputs.cpp:53:61:[m[K [01;36m[Knote: [m[K  mismatched types ‘[01m[Kconst _CharT*[m[K’ and ‘[01m[Kstd::array<float, 2>[m[K’
   53 |         std::copy(mpc_inputs.mpc_mo_in,mpc_inputs.mpc_mo_in+[01;36m[K2[m[K,ros_msg->mpc_mo_in);
      |                                                             [01;36m[K^[m[K
In file included from [01m[K/usr/include/c++/9/string:55[m[K,
                 from [01m[K/usr/include/c++/9/stdexcept:39[m[K,
                 from [01m[K/usr/include/c++/9/array:39[m[K,
                 from [01m[K/usr/include/c++/9/tuple:39[m[K,
                 from [01m[K/home/mohzap/catkin_ws/src/mavros/mavros/include/mavros/mavros_plugin.h:20[m[K,
                 from [01m[K/home/mohzap/catkin_ws/src/mavros/mavros_extras/src/plugins/mpc_inputs.cpp:2[m[K:
[01m[K/usr/include/c++/9/bits/basic_string.h:6115:5:[m[K [01;36m[Knote: [m[Kcandidate: ‘[01m[Ktemplate<class _CharT, class _Traits, class _Alloc> std::__cxx11::basic_string<_CharT, _Traits, _Alloc> std::operator+(_CharT, std::__cxx11::basic_string<_CharT, _Traits, _Alloc>&&)[m[K’
 6115 |     [01;36m[Koperator[m[K+(_CharT __lhs,
      |     [01;36m[K^~~~~~~~[m[K
[01m[K/usr/include/c++/9/bits/basic_string.h:6115:5:[m[K [01;36m[Knote: [m[K  template argument deduction/substitution failed:
[01m[K/home/mohzap/catkin_ws/src/mavros/mavros_extras/src/plugins/mpc_inputs.cpp:53:61:[m[K [01;36m[Knote: [m[K  mismatched types ‘[01m[Kstd::__cxx11::basic_string<_CharT, _Traits, _Alloc>[m[K’ and ‘[01m[Kint[m[K’
   53 |         std::copy(mpc_inputs.mpc_mo_in,mpc_inputs.mpc_mo_in+[01;36m[K2[m[K,ros_msg->mpc_mo_in);
      |                                                             [01;36m[K^[m[K
In file included from [01m[K/usr/include/c++/9/string:55[m[K,
                 from [01m[K/usr/include/c++/9/stdexcept:39[m[K,
                 from [01m[K/usr/include/c++/9/array:39[m[K,
                 from [01m[K/usr/include/c++/9/tuple:39[m[K,
                 from [01m[K/home/mohzap/catkin_ws/src/mavros/mavros/include/mavros/mavros_plugin.h:20[m[K,
                 from [01m[K/home/mohzap/catkin_ws/src/mavros/mavros_extras/src/plugins/mpc_inputs.cpp:2[m[K:
[01m[K/usr/include/c++/9/bits/basic_string.h:6121:5:[m[K [01;36m[Knote: [m[Kcandidate: ‘[01m[Ktemplate<class _CharT, class _Traits, class _Alloc> std::__cxx11::basic_string<_CharT, _Traits, _Alloc> std::operator+(std::__cxx11::basic_string<_CharT, _Traits, _Alloc>&&, const _CharT*)[m[K’
 6121 |     [01;36m[Koperator[m[K+(basic_string<_CharT, _Traits, _Alloc>&& __lhs,
      |     [01;36m[K^~~~~~~~[m[K
[01m[K/usr/include/c++/9/bits/basic_string.h:6121:5:[m[K [01;36m[Knote: [m[K  template argument deduction/substitution failed:
[01m[K/home/mohzap/catkin_ws/src/mavros/mavros_extras/src/plugins/mpc_inputs.cpp:53:61:[m[K [01;36m[Knote: [m[K  ‘[01m[Kstd::array<float, 2>[m[K’ is not derived from ‘[01m[Kstd::__cxx11::basic_string<_CharT, _Traits, _Alloc>[m[K’
   53 |         std::copy(mpc_inputs.mpc_mo_in,mpc_inputs.mpc_mo_in+[01;36m[K2[m[K,ros_msg->mpc_mo_in);
      |                                                             [01;36m[K^[m[K
In file included from [01m[K/usr/include/c++/9/string:55[m[K,
                 from [01m[K/usr/include/c++/9/stdexcept:39[m[K,
                 from [01m[K/usr/include/c++/9/array:39[m[K,
                 from [01m[K/usr/include/c++/9/tuple:39[m[K,
                 from [01m[K/home/mohzap/catkin_ws/src/mavros/mavros/include/mavros/mavros_plugin.h:20[m[K,
                 from [01m[K/home/mohzap/catkin_ws/src/mavros/mavros_extras/src/plugins/mpc_inputs.cpp:2[m[K:
[01m[K/usr/include/c++/9/bits/basic_string.h:6127:5:[m[K [01;36m[Knote: [m[Kcandidate: ‘[01m[Ktemplate<class _CharT, class _Traits, class _Alloc> std::__cxx11::basic_string<_CharT, _Traits, _Alloc> std::operator+(std::__cxx11::basic_string<_CharT, _Traits, _Alloc>&&, _CharT)[m[K’
 6127 |     [01;36m[Koperator[m[K+(basic_string<_CharT, _Traits, _Alloc>&& __lhs,
      |     [01;36m[K^~~~~~~~[m[K
[01m[K/usr/include/c++/9/bits/basic_string.h:6127:5:[m[K [01;36m[Knote: [m[K  template argument deduction/substitution failed:
[01m[K/home/mohzap/catkin_ws/src/mavros/mavros_extras/src/plugins/mpc_inputs.cpp:53:61:[m[K [01;36m[Knote: [m[K  ‘[01m[Kstd::array<float, 2>[m[K’ is not derived from ‘[01m[Kstd::__cxx11::basic_string<_CharT, _Traits, _Alloc>[m[K’
   53 |         std::copy(mpc_inputs.mpc_mo_in,mpc_inputs.mpc_mo_in+[01;36m[K2[m[K,ros_msg->mpc_mo_in);
      |                                                             [01;36m[K^[m[K
In file included from [01m[K/usr/include/c++/9/vector:68[m[K,
                 from [01m[K/home/mohzap/catkin_ws/src/mavros/mavros/include/mavros/mavros_plugin.h:21[m[K,
                 from [01m[K/home/mohzap/catkin_ws/src/mavros/mavros_extras/src/plugins/mpc_inputs.cpp:2[m[K:
[01m[K/usr/include/c++/9/bits/stl_bvector.h:303:3:[m[K [01;36m[Knote: [m[Kcandidate: ‘[01m[Kstd::_Bit_iterator std::operator+(std::ptrdiff_t, const std::_Bit_iterator&)[m[K’
  303 |   [01;36m[Koperator[m[K+(ptrdiff_t __n, const _Bit_iterator& __x)
      |   [01;36m[K^~~~~~~~[m[K
[01m[K/usr/include/c++/9/bits/stl_bvector.h:303:23:[m[K [01;36m[Knote: [m[K  no known conversion for argument 1 from ‘[01m[Kstd::array<float, 2>[m[K’ to ‘[01m[Kstd::ptrdiff_t[m[K’ {aka ‘[01m[Klong int[m[K’}
  303 |   operator+([01;36m[Kptrdiff_t __n[m[K, const _Bit_iterator& __x)
      |             [01;36m[K~~~~~~~~~~^~~[m[K
[01m[K/usr/include/c++/9/bits/stl_bvector.h:393:3:[m[K [01;36m[Knote: [m[Kcandidate: ‘[01m[Kstd::_Bit_const_iterator std::operator+(std::ptrdiff_t, const std::_Bit_const_iterator&)[m[K’
  393 |   [01;36m[Koperator[m[K+(ptrdiff_t __n, const _Bit_const_iterator& __x)
      |   [01;36m[K^~~~~~~~[m[K
[01m[K/usr/include/c++/9/bits/stl_bvector.h:393:23:[m[K [01;36m[Knote: [m[K  no known conversion for argument 1 from ‘[01m[Kstd::array<float, 2>[m[K’ to ‘[01m[Kstd::ptrdiff_t[m[K’ {aka ‘[01m[Klong int[m[K’}
  393 |   operator+([01;36m[Kptrdiff_t __n[m[K, const _Bit_const_iterator& __x)
      |             [01;36m[K~~~~~~~~~~^~~[m[K
In file included from [01m[K/usr/include/boost/config/no_tr1/complex.hpp:21[m[K,
                 from [01m[K/usr/include/boost/math/policies/error_handling.hpp:17[m[K,
                 from [01m[K/usr/include/boost/math/special_functions/round.hpp:14[m[K,
                 from [01m[K/opt/ros/noetic/include/ros/time.h:58[m[K,
                 from [01m[K/opt/ros/noetic/include/ros/forwards.h:42[m[K,
                 from [01m[K/opt/ros/noetic/include/ros/node_handle.h:31[m[K,
                 from [01m[K/opt/ros/noetic/include/diagnostic_updater/diagnostic_updater.h:42[m[K,
                 from [01m[K/home/mohzap/catkin_ws/src/mavros/mavros/include/mavros/mavros_plugin.h:23[m[K,
                 from [01m[K/home/mohzap/catkin_ws/src/mavros/mavros_extras/src/plugins/mpc_inputs.cpp:2[m[K:
[01m[K/usr/include/c++/9/complex:331:5:[m[K [01;36m[Knote: [m[Kcandidate: ‘[01m[Ktemplate<class _Tp> std::complex<_Tp> std::operator+(const std::complex<_Tp>&, const std::complex<_Tp>&)[m[K’
  331 |     [01;36m[Koperator[m[K+(const complex<_Tp>& __x, const complex<_Tp>& __y)
      |     [01;36m[K^~~~~~~~[m[K
[01m[K/usr/include/c++/9/complex:331:5:[m[K [01;36m[Knote: [m[K  template argument deduction/substitution failed:
[01m[K/home/mohzap/catkin_ws/src/mavros/mavros_extras/src/plugins/mpc_inputs.cpp:53:61:[m[K [01;36m[Knote: [m[K  ‘[01m[Kstd::array<float, 2>[m[K’ is not derived from ‘[01m[Kconst std::complex<_Tp>[m[K’
   53 |         std::copy(mpc_inputs.mpc_mo_in,mpc_inputs.mpc_mo_in+[01;36m[K2[m[K,ros_msg->mpc_mo_in);
      |                                                             [01;36m[K^[m[K
In file included from [01m[K/usr/include/boost/config/no_tr1/complex.hpp:21[m[K,
                 from [01m[K/usr/include/boost/math/policies/error_handling.hpp:17[m[K,
                 from [01m[K/usr/include/boost/math/special_functions/round.hpp:14[m[K,
                 from [01m[K/opt/ros/noetic/include/ros/time.h:58[m[K,
                 from [01m[K/opt/ros/noetic/include/ros/forwards.h:42[m[K,
                 from [01m[K/opt/ros/noetic/include/ros/node_handle.h:31[m[K,
                 from [01m[K/opt/ros/noetic/include/diagnostic_updater/diagnostic_updater.h:42[m[K,
                 from [01m[K/home/mohzap/catkin_ws/src/mavros/mavros/include/mavros/mavros_plugin.h:23[m[K,
                 from [01m[K/home/mohzap/catkin_ws/src/mavros/mavros_extras/src/plugins/mpc_inputs.cpp:2[m[K:
[01m[K/usr/include/c++/9/complex:340:5:[m[K [01;36m[Knote: [m[Kcandidate: ‘[01m[Ktemplate<class _Tp> std::complex<_Tp> std::operator+(const std::complex<_Tp>&, const _Tp&)[m[K’
  340 |     [01;36m[Koperator[m[K+(const complex<_Tp>& __x, const _Tp& __y)
      |     [01;36m[K^~~~~~~~[m[K
[01m[K/usr/include/c++/9/complex:340:5:[m[K [01;36m[Knote: [m[K  template argument deduction/substitution failed:
[01m[K/home/mohzap/catkin_ws/src/mavros/mavros_extras/src/plugins/mpc_inputs.cpp:53:61:[m[K [01;36m[Knote: [m[K  ‘[01m[Kstd::array<float, 2>[m[K’ is not derived from ‘[01m[Kconst std::complex<_Tp>[m[K’
   53 |         std::copy(mpc_inputs.mpc_mo_in,mpc_inputs.mpc_mo_in+[01;36m[K2[m[K,ros_msg->mpc_mo_in);
      |                                                             [01;36m[K^[m[K
In file included from [01m[K/usr/include/boost/config/no_tr1/complex.hpp:21[m[K,
                 from [01m[K/usr/include/boost/math/policies/error_handling.hpp:17[m[K,
                 from [01m[K/usr/include/boost/math/special_functions/round.hpp:14[m[K,
                 from [01m[K/opt/ros/noetic/include/ros/time.h:58[m[K,
                 from [01m[K/opt/ros/noetic/include/ros/forwards.h:42[m[K,
                 from [01m[K/opt/ros/noetic/include/ros/node_handle.h:31[m[K,
                 from [01m[K/opt/ros/noetic/include/diagnostic_updater/diagnostic_updater.h:42[m[K,
                 from [01m[K/home/mohzap/catkin_ws/src/mavros/mavros/include/mavros/mavros_plugin.h:23[m[K,
                 from [01m[K/home/mohzap/catkin_ws/src/mavros/mavros_extras/src/plugins/mpc_inputs.cpp:2[m[K:
[01m[K/usr/include/c++/9/complex:349:5:[m[K [01;36m[Knote: [m[Kcandidate: ‘[01m[Ktemplate<class _Tp> std::complex<_Tp> std::operator+(const _Tp&, const std::complex<_Tp>&)[m[K’
  349 |     [01;36m[Koperator[m[K+(const _Tp& __x, const complex<_Tp>& __y)
      |     [01;36m[K^~~~~~~~[m[K
[01m[K/usr/include/c++/9/complex:349:5:[m[K [01;36m[Knote: [m[K  template argument deduction/substitution failed:
[01m[K/home/mohzap/catkin_ws/src/mavros/mavros_extras/src/plugins/mpc_inputs.cpp:53:61:[m[K [01;36m[Knote: [m[K  mismatched types ‘[01m[Kconst std::complex<_Tp>[m[K’ and ‘[01m[Kint[m[K’
   53 |         std::copy(mpc_inputs.mpc_mo_in,mpc_inputs.mpc_mo_in+[01;36m[K2[m[K,ros_msg->mpc_mo_in);
      |                                                             [01;36m[K^[m[K
In file included from [01m[K/usr/include/boost/config/no_tr1/complex.hpp:21[m[K,
                 from [01m[K/usr/include/boost/math/policies/error_handling.hpp:17[m[K,
                 from [01m[K/usr/include/boost/math/special_functions/round.hpp:14[m[K,
                 from [01m[K/opt/ros/noetic/include/ros/time.h:58[m[K,
                 from [01m[K/opt/ros/noetic/include/ros/forwards.h:42[m[K,
                 from [01m[K/opt/ros/noetic/include/ros/node_handle.h:31[m[K,
                 from [01m[K/opt/ros/noetic/include/diagnostic_updater/diagnostic_updater.h:42[m[K,
                 from [01m[K/home/mohzap/catkin_ws/src/mavros/mavros/include/mavros/mavros_plugin.h:23[m[K,
                 from [01m[K/home/mohzap/catkin_ws/src/mavros/mavros_extras/src/plugins/mpc_inputs.cpp:2[m[K:
[01m[K/usr/include/c++/9/complex:450:5:[m[K [01;36m[Knote: [m[Kcandidate: ‘[01m[Ktemplate<class _Tp> std::complex<_Tp> std::operator+(const std::complex<_Tp>&)[m[K’
  450 |     [01;36m[Koperator[m[K+(const complex<_Tp>& __x)
      |     [01;36m[K^~~~~~~~[m[K
[01m[K/usr/include/c++/9/complex:450:5:[m[K [01;36m[Knote: [m[K  template argument deduction/substitution failed:
[01m[K/home/mohzap/catkin_ws/src/mavros/mavros_extras/src/plugins/mpc_inputs.cpp:53:61:[m[K [01;36m[Knote: [m[K  ‘[01m[Kstd::array<float, 2>[m[K’ is not derived from ‘[01m[Kconst std::complex<_Tp>[m[K’
   53 |         std::copy(mpc_inputs.mpc_mo_in,mpc_inputs.mpc_mo_in+[01;36m[K2[m[K,ros_msg->mpc_mo_in);
      |                                                             [01;36m[K^[m[K
In file included from [01m[K/usr/include/c++/9/deque:67[m[K,
                 from [01m[K/usr/include/boost/detail/container_fwd.hpp:91[m[K,
                 from [01m[K/usr/include/boost/container_hash/extensions.hpp:22[m[K,
                 from [01m[K/usr/include/boost/container_hash/hash.hpp:760[m[K,
                 from [01m[K/usr/include/boost/functional/hash.hpp:6[m[K,
                 from [01m[K/usr/include/boost/thread/detail/thread.hpp:41[m[K,
                 from [01m[K/usr/include/boost/thread/thread_only.hpp:22[m[K,
                 from [01m[K/usr/include/boost/thread/thread.hpp:12[m[K,
                 from [01m[K/usr/include/boost/thread.hpp:13[m[K,
                 from [01m[K/opt/ros/noetic/include/diagnostic_updater/diagnostic_updater.h:49[m[K,
                 from [01m[K/home/mohzap/catkin_ws/src/mavros/mavros/include/mavros/mavros_plugin.h:23[m[K,
                 from [01m[K/home/mohzap/catkin_ws/src/mavros/mavros_extras/src/plugins/mpc_inputs.cpp:2[m[K:
[01m[K/usr/include/c++/9/bits/stl_deque.h:393:5:[m[K [01;36m[Knote: [m[Kcandidate: ‘[01m[Ktemplate<class _Tp, class _Ref, class _Ptr> std::_Deque_iterator<_Tp, _Ref, _Ptr> std::operator+(std::ptrdiff_t, const std::_Deque_iterator<_Tp, _Ref, _Ptr>&)[m[K’
  393 |     [01;36m[Koperator[m[K+(ptrdiff_t __n, const _Deque_iterator<_Tp, _Ref, _Ptr>& __x)
      |     [01;36m[K^~~~~~~~[m[K
[01m[K/usr/include/c++/9/bits/stl_deque.h:393:5:[m[K [01;36m[Knote: [m[K  template argument deduction/substitution failed:
[01m[K/home/mohzap/catkin_ws/src/mavros/mavros_extras/src/plugins/mpc_inputs.cpp:53:61:[m[K [01;36m[Knote: [m[K  mismatched types ‘[01m[Kconst std::_Deque_iterator<_Tp, _Ref, _Ptr>[m[K’ and ‘[01m[Kint[m[K’
   53 |         std::copy(mpc_inputs.mpc_mo_in,mpc_inputs.mpc_mo_in+[01;36m[K2[m[K,ros_msg->mpc_mo_in);
      |                                                             [01;36m[K^[m[K
make[2]: *** [CMakeFiles/mavros_extras.dir/build.make:388: CMakeFiles/mavros_extras.dir/src/plugins/mpc_inputs.cpp.o] Error 1
make[1]: *** [CMakeFiles/Makefile2:735: CMakeFiles/mavros_extras.dir/all] Error 2
make: *** [Makefile:141: all] Error 2
