In file included from [01m[K/home/mohzap/catkin_ws/src/mavros/mavros/include/mavros/utils.h:22[m[K,
                 from [01m[K/home/mohzap/catkin_ws/src/mavros/mavros/include/mavros/mavros_uas.h:30[m[K,
                 from [01m[K/home/mohzap/catkin_ws/src/mavros/mavros/include/mavros/mavros_plugin.h:25[m[K,
                 from [01m[K/home/mohzap/catkin_ws/src/mavros/mavros_extras/src/plugins/mpc_inputs.cpp:2[m[K:
[01m[K/home/mohzap/catkin_ws/src/mavros/mavros_msgs/include/mavros_msgs/mavlink_convert.h:[m[K In function ‘[01m[Kbool mavros_msgs::mavlink::convert(const Mavlink&, mavlink::mavlink_message_t&)[m[K’:
[01m[K/home/mohzap/catkin_ws/src/mavros/mavros_msgs/include/mavros_msgs/mavlink_convert.h:74:63:[m[K [01;35m[Kwarning: [m[Ktaking address of packed member of ‘[01m[Kmavlink::__mavlink_message[m[K’ may result in an unaligned pointer value [[01;35m[K-Waddress-of-packed-member[m[K]
   74 |  std::copy(rmsg.payload64.begin(), rmsg.payload64.end(), [01;35m[Kmmsg.payload64[m[K);
      |                                                          [01;35m[K~~~~~^~~~~~~~~[m[K
In file included from [01m[K/home/mohzap/catkin_ws/src/mavros/mavros/include/mavros/utils.h:22[m[K,
                 from [01m[K/home/mohzap/catkin_ws/src/mavros/mavros/include/mavros/mavros_uas.h:30[m[K,
                 from [01m[K/home/mohzap/catkin_ws/src/mavros/mavros/include/mavros/mavros_plugin.h:25[m[K,
                 from [01m[K/home/mohzap/catkin_ws/src/mavros/mavros_extras/src/plugins/mpc_inputs.cpp:2[m[K:
[01m[K/home/mohzap/catkin_ws/src/mavros/mavros_msgs/include/mavros_msgs/mavlink_convert.h:[m[K In function ‘[01m[Kbool mavros_msgs::mavlink::convert(const mavlink_message_t&, mavros_msgs::Mavlink&, uint8_t)[m[K’:
[01m[K/home/mohzap/catkin_ws/src/mavros/mavros_msgs/include/mavros_msgs/mavlink_convert.h:108:62:[m[K [01;35m[Kwarning: [m[Ktaking address of packed member of ‘[01m[Kmavlink::__mavlink_message[m[K’ may result in an unaligned pointer value [[01;35m[K-Waddress-of-packed-member[m[K]
  108 |  rmsg.payload64 = mavros_msgs::Mavlink::_payload64_type([01;35m[Kmmsg.payload64[m[K, mmsg.payload64 + payload64_len);
      |                                                         [01;35m[K~~~~~^~~~~~~~~[m[K
[01m[K/home/mohzap/catkin_ws/src/mavros/mavros_extras/src/plugins/mpc_inputs.cpp:[m[K In member function ‘[01m[Kvoid mavros::extra_plugins::MPCInputsPlugin::handle_mpc_inputs(const mavlink_message_t*, mavlink::common::msg::MPC_INPUTS&)[m[K’:
[01m[K/home/mohzap/catkin_ws/src/mavros/mavros_extras/src/plugins/mpc_inputs.cpp:50:10:[m[K [01;31m[Kerror: [m[Kbase operand of ‘[01m[K->[m[K’ has non-pointer type ‘[01m[Kmavros_msgs::MPC_Inputs[m[K’ {aka ‘[01m[Kmavros_msgs::MPC_Inputs_<std::allocator<void> >[m[K’}
   50 |   ros_msg[01;31m[K->[m[Kheader = m_uas->synchronized_header(frame_id, mpc_inputs.time_usec);
      |          [01;31m[K^~[m[K
[01m[K/home/mohzap/catkin_ws/src/mavros/mavros_extras/src/plugins/mpc_inputs.cpp:55:20:[m[K [01;31m[Kerror: [m[Kbase operand of ‘[01m[K->[m[K’ has non-pointer type ‘[01m[Kmavros_msgs::MPC_Inputs[m[K’ {aka ‘[01m[Kmavros_msgs::MPC_Inputs_<std::allocator<void> >[m[K’}
   55 |             ros_msg[01;31m[K->[m[Kmpc_ref_in[i] = mpc_inputs.mpc_ref_in[i];
      |                    [01;31m[K^~[m[K
[01m[K/home/mohzap/catkin_ws/src/mavros/mavros_extras/src/plugins/mpc_inputs.cpp:58:16:[m[K [01;31m[Kerror: [m[Kbase operand of ‘[01m[K->[m[K’ has non-pointer type ‘[01m[Kmavros_msgs::MPC_Inputs[m[K’ {aka ‘[01m[Kmavros_msgs::MPC_Inputs_<std::allocator<void> >[m[K’}
   58 |         ros_msg[01;31m[K->[m[Kmpc_mo_in[0] = mpc_inputs.mpc_mo_in[0];
      |                [01;31m[K^~[m[K
[01m[K/home/mohzap/catkin_ws/src/mavros/mavros_extras/src/plugins/mpc_inputs.cpp:59:16:[m[K [01;31m[Kerror: [m[Kbase operand of ‘[01m[K->[m[K’ has non-pointer type ‘[01m[Kmavros_msgs::MPC_Inputs[m[K’ {aka ‘[01m[Kmavros_msgs::MPC_Inputs_<std::allocator<void> >[m[K’}
   59 |         ros_msg[01;31m[K->[m[Kmpc_mo_in[1] = mpc_inputs.mpc_mo_in[1];
      |                [01;31m[K^~[m[K
make[2]: *** [CMakeFiles/mavros_extras.dir/build.make:388: CMakeFiles/mavros_extras.dir/src/plugins/mpc_inputs.cpp.o] Error 1
make[1]: *** [CMakeFiles/Makefile2:735: CMakeFiles/mavros_extras.dir/all] Error 2
make: *** [Makefile:141: all] Error 2
